<?xml version="1.0" encoding="utf-8"?>
<outputLog>
  <ApplicationId>e5af1cfd-4b01-446b-9748-89a803282c8b</ApplicationId>
  <FileLogs>
    <FileLog>
      <CorrelationId>Intent.VisualStudio.Projects.GitIgnore#9cfd929e-b842-4704-9302-294b7c0eef51</CorrelationId>
      <OverwriteBehaviour>overwrite-disabled</OverwriteBehaviour>
      <ApplicationRelativeFilePath>../../Services/AccessManagement/.gitignore</ApplicationRelativeFilePath>
      <IsIgnored>false</IsIgnored>
    </FileLog>
    <FileLog>
      <ProjectId>21f893a1-27b5-44ea-86fa-15df898dba03</ProjectId>
      <CorrelationId>Intent.AspNetCore.Docker.DockerIgnore</CorrelationId>
      <OverwriteBehaviour>overwrite-disabled</OverwriteBehaviour>
      <ApplicationRelativeFilePath>../../Services/AccessManagement/AccessManagement.Api/.dockerignore</ApplicationRelativeFilePath>
      <ProjectRelativeFilePath>.dockerignore</ProjectRelativeFilePath>
      <IsIgnored>false</IsIgnored>
    </FileLog>
    <FileLog>
      <ProjectId>21f893a1-27b5-44ea-86fa-15df898dba03</ProjectId>
      <CorrelationId>Intent.VisualStudio.Projects.CSharpProject#21f893a1-27b5-44ea-86fa-15df898dba03</CorrelationId>
      <OverwriteBehaviour>always</OverwriteBehaviour>
      <ApplicationRelativeFilePath>../../Services/AccessManagement/AccessManagement.Api/AccessManagement.Api.csproj</ApplicationRelativeFilePath>
      <ProjectRelativeFilePath>AccessManagement.Api.csproj</ProjectRelativeFilePath>
      <IsIgnored>false</IsIgnored>
    </FileLog>
    <FileLog>
      <ProjectId>21f893a1-27b5-44ea-86fa-15df898dba03</ProjectId>
      <CorrelationId>Intent.VisualStudio.Projects.CoreWeb.AppSettings-Default#21f893a1-27b5-44ea-86fa-15df898dba03</CorrelationId>
      <OverwriteBehaviour>always</OverwriteBehaviour>
      <ApplicationRelativeFilePath>../../Services/AccessManagement/AccessManagement.Api/appsettings.json</ApplicationRelativeFilePath>
      <ProjectRelativeFilePath>appsettings.json</ProjectRelativeFilePath>
      <IsIgnored>false</IsIgnored>
    </FileLog>
    <FileLog>
      <ProjectId>03baf551-4044-4cc2-b98d-a1f54d3df58e</ProjectId>
      <CorrelationId>Intent.AspNetCore.Versioning.ApiVersioningConfiguration</CorrelationId>
      <OverwriteBehaviour>always</OverwriteBehaviour>
      <ApplicationRelativeFilePath>../../Services/AccessManagement/AccessManagement.Api/Configuration/ApiVersioningConfiguration.cs</ApplicationRelativeFilePath>
      <ProjectRelativeFilePath>ApiVersioningConfiguration.cs</ProjectRelativeFilePath>
      <IsIgnored>false</IsIgnored>
    </FileLog>
    <FileLog>
      <ProjectId>03baf551-4044-4cc2-b98d-a1f54d3df58e</ProjectId>
      <CorrelationId>Intent.AspNetCore.Versioning.ApiVersionSwaggerGenOptions</CorrelationId>
      <OverwriteBehaviour>always</OverwriteBehaviour>
      <ApplicationRelativeFilePath>../../Services/AccessManagement/AccessManagement.Api/Configuration/ApiVersionSwaggerGenOptions.cs</ApplicationRelativeFilePath>
      <ProjectRelativeFilePath>ApiVersionSwaggerGenOptions.cs</ProjectRelativeFilePath>
      <IsIgnored>false</IsIgnored>
    </FileLog>
    <FileLog>
      <ProjectId>03baf551-4044-4cc2-b98d-a1f54d3df58e</ProjectId>
      <CorrelationId>Intent.Application.Identity.ApplicationSecurityConfiguration</CorrelationId>
      <OverwriteBehaviour>always</OverwriteBehaviour>
      <ApplicationRelativeFilePath>../../Services/AccessManagement/AccessManagement.Api/Configuration/ApplicationSecurityConfiguration.cs</ApplicationRelativeFilePath>
      <ProjectRelativeFilePath>ApplicationSecurityConfiguration.cs</ProjectRelativeFilePath>
      <IsIgnored>false</IsIgnored>
    </FileLog>
    <FileLog>
      <ProjectId>03baf551-4044-4cc2-b98d-a1f54d3df58e</ProjectId>
      <CorrelationId>Intent.Bugsnag.BugsnagConfiguration</CorrelationId>
      <OverwriteBehaviour>always</OverwriteBehaviour>
      <ApplicationRelativeFilePath>../../Services/AccessManagement/AccessManagement.Api/Configuration/BugsnagConfiguration.cs</ApplicationRelativeFilePath>
      <ProjectRelativeFilePath>BugsnagConfiguration.cs</ProjectRelativeFilePath>
      <IsIgnored>false</IsIgnored>
    </FileLog>
    <FileLog>
      <ProjectId>03baf551-4044-4cc2-b98d-a1f54d3df58e</ProjectId>
      <CorrelationId>Intent.AspNetCore.HealthChecks.HealthChecksConfiguration</CorrelationId>
      <OverwriteBehaviour>always</OverwriteBehaviour>
      <ApplicationRelativeFilePath>../../Services/AccessManagement/AccessManagement.Api/Configuration/HealthChecksConfiguration.cs</ApplicationRelativeFilePath>
      <ProjectRelativeFilePath>HealthChecksConfiguration.cs</ProjectRelativeFilePath>
      <IsIgnored>false</IsIgnored>
    </FileLog>
    <FileLog>
      <ProjectId>03baf551-4044-4cc2-b98d-a1f54d3df58e</ProjectId>
      <CorrelationId>Intent.AspNetCore.ProblemDetailsConfiguration</CorrelationId>
      <OverwriteBehaviour>always</OverwriteBehaviour>
      <ApplicationRelativeFilePath>../../Services/AccessManagement/AccessManagement.Api/Configuration/ProblemDetailsConfiguration.cs</ApplicationRelativeFilePath>
      <ProjectRelativeFilePath>ProblemDetailsConfiguration.cs</ProjectRelativeFilePath>
      <IsIgnored>false</IsIgnored>
    </FileLog>
    <FileLog>
      <ProjectId>03baf551-4044-4cc2-b98d-a1f54d3df58e</ProjectId>
      <CorrelationId>Intent.AspNetCore.Swashbuckle.SwashbuckleConfiguration</CorrelationId>
      <OverwriteBehaviour>always</OverwriteBehaviour>
      <ApplicationRelativeFilePath>../../Services/AccessManagement/AccessManagement.Api/Configuration/SwashbuckleConfiguration.cs</ApplicationRelativeFilePath>
      <ProjectRelativeFilePath>SwashbuckleConfiguration.cs</ProjectRelativeFilePath>
      <IsIgnored>false</IsIgnored>
    </FileLog>
    <FileLog>
      <ProjectId>25b17ffd-493a-4fa1-9b0e-1bff1d42465d</ProjectId>
      <CorrelationId>Intent.AspNetCore.Controllers.Controller#8dd0a199-3c57-427a-95b4-5c367bc08bcc</CorrelationId>
      <OverwriteBehaviour>always</OverwriteBehaviour>
      <ApplicationRelativeFilePath>../../Services/AccessManagement/AccessManagement.Api/Controllers/Features/FeaturesPermissionsController.cs</ApplicationRelativeFilePath>
      <ProjectRelativeFilePath>Features/FeaturesPermissionsController.cs</ProjectRelativeFilePath>
      <IsIgnored>false</IsIgnored>
    </FileLog>
    <FileLog>
      <ProjectId>25b17ffd-493a-4fa1-9b0e-1bff1d42465d</ProjectId>
      <CorrelationId>Intent.AspNetCore.Controllers.Controller#57fbd89e-dc03-49ee-b2fc-eb6f5bd348d7</CorrelationId>
      <OverwriteBehaviour>always</OverwriteBehaviour>
      <ApplicationRelativeFilePath>../../Services/AccessManagement/AccessManagement.Api/Controllers/Features/FeaturesRolesController.cs</ApplicationRelativeFilePath>
      <ProjectRelativeFilePath>Features/FeaturesRolesController.cs</ProjectRelativeFilePath>
      <IsIgnored>false</IsIgnored>
    </FileLog>
    <FileLog>
      <ProjectId>25b17ffd-493a-4fa1-9b0e-1bff1d42465d</ProjectId>
      <CorrelationId>Intent.AspNetCore.Controllers.Controller#d7ee1986-87cd-475c-8d17-105c9964aa26</CorrelationId>
      <OverwriteBehaviour>always</OverwriteBehaviour>
      <ApplicationRelativeFilePath>../../Services/AccessManagement/AccessManagement.Api/Controllers/Features/FeaturesUserGroupsController.cs</ApplicationRelativeFilePath>
      <ProjectRelativeFilePath>Features/FeaturesUserGroupsController.cs</ProjectRelativeFilePath>
      <IsIgnored>false</IsIgnored>
    </FileLog>
    <FileLog>
      <ProjectId>25b17ffd-493a-4fa1-9b0e-1bff1d42465d</ProjectId>
      <CorrelationId>Intent.AspNetCore.Controllers.Controller#45779256-bc46-41eb-a545-eceb50ca40be</CorrelationId>
      <OverwriteBehaviour>always</OverwriteBehaviour>
      <ApplicationRelativeFilePath>../../Services/AccessManagement/AccessManagement.Api/Controllers/Features/FeaturesUsersController.cs</ApplicationRelativeFilePath>
      <ProjectRelativeFilePath>Features/FeaturesUsersController.cs</ProjectRelativeFilePath>
      <IsIgnored>false</IsIgnored>
    </FileLog>
    <FileLog>
      <ProjectId>7c66ddb9-d87d-4593-9af7-d700a59c8da8</ProjectId>
      <CorrelationId>Intent.AspNetCore.Controllers.JsonResponse</CorrelationId>
      <OverwriteBehaviour>always</OverwriteBehaviour>
      <ApplicationRelativeFilePath>../../Services/AccessManagement/AccessManagement.Api/Controllers/ResponseTypes/JsonResponse.cs</ApplicationRelativeFilePath>
      <ProjectRelativeFilePath>JsonResponse.cs</ProjectRelativeFilePath>
      <IsIgnored>false</IsIgnored>
    </FileLog>
    <FileLog>
      <ProjectId>21f893a1-27b5-44ea-86fa-15df898dba03</ProjectId>
      <CorrelationId>Intent.AspNetCore.Docker.Dockerfile</CorrelationId>
      <OverwriteBehaviour>overwrite-disabled</OverwriteBehaviour>
      <ApplicationRelativeFilePath>../../Services/AccessManagement/AccessManagement.Api/Dockerfile</ApplicationRelativeFilePath>
      <ProjectRelativeFilePath>Dockerfile</ProjectRelativeFilePath>
      <IsIgnored>false</IsIgnored>
    </FileLog>
    <FileLog>
      <ProjectId>ccf7447f-8578-4ba8-941f-5f6f3189ff36</ProjectId>
      <CorrelationId>Intent.AspNetCore.Swashbuckle.Security.AuthorizeCheckOperationFilter</CorrelationId>
      <OverwriteBehaviour>always</OverwriteBehaviour>
      <ApplicationRelativeFilePath>../../Services/AccessManagement/AccessManagement.Api/Filters/AuthorizeCheckOperationFilter.cs</ApplicationRelativeFilePath>
      <ProjectRelativeFilePath>AuthorizeCheckOperationFilter.cs</ProjectRelativeFilePath>
      <IsIgnored>false</IsIgnored>
    </FileLog>
    <FileLog>
      <ProjectId>ccf7447f-8578-4ba8-941f-5f6f3189ff36</ProjectId>
      <CorrelationId>Intent.AspNetCore.Controllers.ExceptionFilter</CorrelationId>
      <OverwriteBehaviour>always</OverwriteBehaviour>
      <ApplicationRelativeFilePath>../../Services/AccessManagement/AccessManagement.Api/Filters/ExceptionFilter.cs</ApplicationRelativeFilePath>
      <ProjectRelativeFilePath>ExceptionFilter.cs</ProjectRelativeFilePath>
      <IsIgnored>false</IsIgnored>
    </FileLog>
    <FileLog>
      <ProjectId>ccf7447f-8578-4ba8-941f-5f6f3189ff36</ProjectId>
      <CorrelationId>Intent.AspNetCore.Swashbuckle.TypeSchemaFilter</CorrelationId>
      <OverwriteBehaviour>always</OverwriteBehaviour>
      <ApplicationRelativeFilePath>../../Services/AccessManagement/AccessManagement.Api/Filters/TypeSchemaFilter.cs</ApplicationRelativeFilePath>
      <ProjectRelativeFilePath>TypeSchemaFilter.cs</ProjectRelativeFilePath>
      <IsIgnored>false</IsIgnored>
    </FileLog>
    <FileLog>
      <ProjectId>21f893a1-27b5-44ea-86fa-15df898dba03</ProjectId>
      <CorrelationId>Intent.AspNetCore.Program</CorrelationId>
      <OverwriteBehaviour>always</OverwriteBehaviour>
      <ApplicationRelativeFilePath>../../Services/AccessManagement/AccessManagement.Api/Program.cs</ApplicationRelativeFilePath>
      <ProjectRelativeFilePath>Program.cs</ProjectRelativeFilePath>
      <IsIgnored>false</IsIgnored>
    </FileLog>
    <FileLog>
      <ProjectId>21f893a1-27b5-44ea-86fa-15df898dba03</ProjectId>
      <CorrelationId>Intent.VisualStudio.Projects.CoreWeb.LaunchSettings#21f893a1-27b5-44ea-86fa-15df898dba03</CorrelationId>
      <OverwriteBehaviour>always</OverwriteBehaviour>
      <ApplicationRelativeFilePath>../../Services/AccessManagement/AccessManagement.Api/Properties/launchSettings.json</ApplicationRelativeFilePath>
      <ProjectRelativeFilePath>Properties/launchSettings.json</ProjectRelativeFilePath>
      <IsIgnored>false</IsIgnored>
    </FileLog>
    <FileLog>
      <ProjectId>59e02a66-9b8e-428b-8b7b-170f308dddd7</ProjectId>
      <CorrelationId>Intent.Application.Identity.CurrentUserService</CorrelationId>
      <OverwriteBehaviour>always</OverwriteBehaviour>
      <ApplicationRelativeFilePath>../../Services/AccessManagement/AccessManagement.Api/Services/CurrentUserService.cs</ApplicationRelativeFilePath>
      <ProjectRelativeFilePath>CurrentUserService.cs</ProjectRelativeFilePath>
      <IsIgnored>false</IsIgnored>
    </FileLog>
    <FileLog>
      <ProjectId>c21dbef6-1215-4601-a7a9-9f8de2c9277b</ProjectId>
      <CorrelationId>Intent.VisualStudio.Projects.CSharpProject#c21dbef6-1215-4601-a7a9-9f8de2c9277b</CorrelationId>
      <OverwriteBehaviour>always</OverwriteBehaviour>
      <ApplicationRelativeFilePath>../../Services/AccessManagement/AccessManagement.Application/AccessManagement.Application.csproj</ApplicationRelativeFilePath>
      <ProjectRelativeFilePath>AccessManagement.Application.csproj</ProjectRelativeFilePath>
      <IsIgnored>false</IsIgnored>
    </FileLog>
    <FileLog>
      <ProjectId>6234c3c2-ff2c-45e2-81cd-a2f2560e0f9c</ProjectId>
      <CorrelationId>Intent.Application.MediatR.Behaviours.AuthorizationBehaviour</CorrelationId>
      <OverwriteBehaviour>always</OverwriteBehaviour>
      <ApplicationRelativeFilePath>../../Services/AccessManagement/AccessManagement.Application/Common/Behaviours/AuthorizationBehaviour.cs</ApplicationRelativeFilePath>
      <ProjectRelativeFilePath>AuthorizationBehaviour.cs</ProjectRelativeFilePath>
      <IsIgnored>false</IsIgnored>
    </FileLog>
    <FileLog>
      <ProjectId>6234c3c2-ff2c-45e2-81cd-a2f2560e0f9c</ProjectId>
      <CorrelationId>Intent.Application.MediatR.Behaviours.EventBusPublishBehaviour</CorrelationId>
      <OverwriteBehaviour>always</OverwriteBehaviour>
      <ApplicationRelativeFilePath>../../Services/AccessManagement/AccessManagement.Application/Common/Behaviours/EventBusPublishBehaviour.cs</ApplicationRelativeFilePath>
      <ProjectRelativeFilePath>EventBusPublishBehaviour.cs</ProjectRelativeFilePath>
      <IsIgnored>false</IsIgnored>
    </FileLog>
    <FileLog>
      <ProjectId>6234c3c2-ff2c-45e2-81cd-a2f2560e0f9c</ProjectId>
      <CorrelationId>Intent.Application.MediatR.Behaviours.LoggingBehaviour</CorrelationId>
      <OverwriteBehaviour>always</OverwriteBehaviour>
      <ApplicationRelativeFilePath>../../Services/AccessManagement/AccessManagement.Application/Common/Behaviours/LoggingBehaviour.cs</ApplicationRelativeFilePath>
      <ProjectRelativeFilePath>LoggingBehaviour.cs</ProjectRelativeFilePath>
      <IsIgnored>false</IsIgnored>
    </FileLog>
    <FileLog>
      <ProjectId>6234c3c2-ff2c-45e2-81cd-a2f2560e0f9c</ProjectId>
      <CorrelationId>Intent.Application.MediatR.Behaviours.PerformanceBehaviour</CorrelationId>
      <OverwriteBehaviour>always</OverwriteBehaviour>
      <ApplicationRelativeFilePath>../../Services/AccessManagement/AccessManagement.Application/Common/Behaviours/PerformanceBehaviour.cs</ApplicationRelativeFilePath>
      <ProjectRelativeFilePath>PerformanceBehaviour.cs</ProjectRelativeFilePath>
      <IsIgnored>false</IsIgnored>
    </FileLog>
    <FileLog>
      <ProjectId>6234c3c2-ff2c-45e2-81cd-a2f2560e0f9c</ProjectId>
      <CorrelationId>Intent.Application.MediatR.Behaviours.UnhandledExceptionBehaviour</CorrelationId>
      <OverwriteBehaviour>always</OverwriteBehaviour>
      <ApplicationRelativeFilePath>../../Services/AccessManagement/AccessManagement.Application/Common/Behaviours/UnhandledExceptionBehaviour.cs</ApplicationRelativeFilePath>
      <ProjectRelativeFilePath>UnhandledExceptionBehaviour.cs</ProjectRelativeFilePath>
      <IsIgnored>false</IsIgnored>
    </FileLog>
    <FileLog>
      <ProjectId>6234c3c2-ff2c-45e2-81cd-a2f2560e0f9c</ProjectId>
      <CorrelationId>Intent.Application.MediatR.Behaviours.UnitOfWorkBehaviour</CorrelationId>
      <OverwriteBehaviour>always</OverwriteBehaviour>
      <ApplicationRelativeFilePath>../../Services/AccessManagement/AccessManagement.Application/Common/Behaviours/UnitOfWorkBehaviour.cs</ApplicationRelativeFilePath>
      <ProjectRelativeFilePath>UnitOfWorkBehaviour.cs</ProjectRelativeFilePath>
      <IsIgnored>false</IsIgnored>
    </FileLog>
    <FileLog>
      <ProjectId>6234c3c2-ff2c-45e2-81cd-a2f2560e0f9c</ProjectId>
      <CorrelationId>Intent.Application.MediatR.FluentValidation.ValidationBehaviour</CorrelationId>
      <OverwriteBehaviour>always</OverwriteBehaviour>
      <ApplicationRelativeFilePath>../../Services/AccessManagement/AccessManagement.Application/Common/Behaviours/ValidationBehaviour.cs</ApplicationRelativeFilePath>
      <ProjectRelativeFilePath>ValidationBehaviour.cs</ProjectRelativeFilePath>
      <IsIgnored>false</IsIgnored>
    </FileLog>
    <FileLog>
      <ProjectId>2d235035-baef-4fad-a738-65e3cc5dbeba</ProjectId>
      <CorrelationId>Intent.Dapr.AspNetCore.Pubsub.EventInterface</CorrelationId>
      <OverwriteBehaviour>always</OverwriteBehaviour>
      <ApplicationRelativeFilePath>../../Services/AccessManagement/AccessManagement.Application/Common/Eventing/IEvent.cs</ApplicationRelativeFilePath>
      <ProjectRelativeFilePath>IEvent.cs</ProjectRelativeFilePath>
      <IsIgnored>false</IsIgnored>
    </FileLog>
    <FileLog>
      <ProjectId>2d235035-baef-4fad-a738-65e3cc5dbeba</ProjectId>
      <CorrelationId>Intent.Eventing.Contracts.EventBusInterface</CorrelationId>
      <OverwriteBehaviour>always</OverwriteBehaviour>
      <ApplicationRelativeFilePath>../../Services/AccessManagement/AccessManagement.Application/Common/Eventing/IEventBus.cs</ApplicationRelativeFilePath>
      <ProjectRelativeFilePath>IEventBus.cs</ProjectRelativeFilePath>
      <IsIgnored>false</IsIgnored>
    </FileLog>
    <FileLog>
      <ProjectId>2d235035-baef-4fad-a738-65e3cc5dbeba</ProjectId>
      <CorrelationId>Intent.Eventing.Contracts.IntegrationEventHandlerInterface</CorrelationId>
      <OverwriteBehaviour>always</OverwriteBehaviour>
      <ApplicationRelativeFilePath>../../Services/AccessManagement/AccessManagement.Application/Common/Eventing/IIntegrationEventHandler.cs</ApplicationRelativeFilePath>
      <ProjectRelativeFilePath>IIntegrationEventHandler.cs</ProjectRelativeFilePath>
      <IsIgnored>false</IsIgnored>
    </FileLog>
    <FileLog>
      <ProjectId>80e70d4c-e21f-4a05-9b22-695082085c01</ProjectId>
      <CorrelationId>Intent.Application.Identity.ForbiddenAccessException</CorrelationId>
      <OverwriteBehaviour>always</OverwriteBehaviour>
      <ApplicationRelativeFilePath>../../Services/AccessManagement/AccessManagement.Application/Common/Exceptions/ForbiddenAccessException.cs</ApplicationRelativeFilePath>
      <ProjectRelativeFilePath>ForbiddenAccessException.cs</ProjectRelativeFilePath>
      <IsIgnored>false</IsIgnored>
    </FileLog>
    <FileLog>
      <ProjectId>80e70d4c-e21f-4a05-9b22-695082085c01</ProjectId>
      <CorrelationId>Intent.Dapr.AspNetCore.ServiceInvocation.HttpClientRequestException</CorrelationId>
      <OverwriteBehaviour>always</OverwriteBehaviour>
      <ApplicationRelativeFilePath>../../Services/AccessManagement/AccessManagement.Application/Common/Exceptions/HttpClientRequestException.cs</ApplicationRelativeFilePath>
      <ProjectRelativeFilePath>HttpClientRequestException.cs</ProjectRelativeFilePath>
      <IsIgnored>false</IsIgnored>
    </FileLog>
    <FileLog>
      <ProjectId>80e70d4c-e21f-4a05-9b22-695082085c01</ProjectId>
      <CorrelationId>Intent.Dapr.AspNetCore.ServiceInvocation.ProblemDetailsWithErrors</CorrelationId>
      <OverwriteBehaviour>always</OverwriteBehaviour>
      <ApplicationRelativeFilePath>../../Services/AccessManagement/AccessManagement.Application/Common/Exceptions/ProblemDetailsWithErrors.cs</ApplicationRelativeFilePath>
      <ProjectRelativeFilePath>ProblemDetailsWithErrors.cs</ProjectRelativeFilePath>
      <IsIgnored>false</IsIgnored>
    </FileLog>
    <FileLog>
      <ProjectId>77255621-9637-4cf5-a675-b1bdd24c0630</ProjectId>
      <CorrelationId>Intent.Application.MediatR.CommandInterface</CorrelationId>
      <OverwriteBehaviour>always</OverwriteBehaviour>
      <ApplicationRelativeFilePath>../../Services/AccessManagement/AccessManagement.Application/Common/Interfaces/ICommand.cs</ApplicationRelativeFilePath>
      <ProjectRelativeFilePath>ICommand.cs</ProjectRelativeFilePath>
      <IsIgnored>false</IsIgnored>
    </FileLog>
    <FileLog>
      <ProjectId>77255621-9637-4cf5-a675-b1bdd24c0630</ProjectId>
      <CorrelationId>Intent.Application.Identity.CurrentUserServiceInterface</CorrelationId>
      <OverwriteBehaviour>always</OverwriteBehaviour>
      <ApplicationRelativeFilePath>../../Services/AccessManagement/AccessManagement.Application/Common/Interfaces/ICurrentUserService.cs</ApplicationRelativeFilePath>
      <ProjectRelativeFilePath>ICurrentUserService.cs</ProjectRelativeFilePath>
      <IsIgnored>false</IsIgnored>
    </FileLog>
    <FileLog>
      <ProjectId>77255621-9637-4cf5-a675-b1bdd24c0630</ProjectId>
      <CorrelationId>Intent.DomainEvents.DomainEventServiceInterface</CorrelationId>
      <OverwriteBehaviour>always</OverwriteBehaviour>
      <ApplicationRelativeFilePath>../../Services/AccessManagement/AccessManagement.Application/Common/Interfaces/IDomainEventService.cs</ApplicationRelativeFilePath>
      <ProjectRelativeFilePath>IDomainEventService.cs</ProjectRelativeFilePath>
      <IsIgnored>false</IsIgnored>
    </FileLog>
    <FileLog>
      <ProjectId>77255621-9637-4cf5-a675-b1bdd24c0630</ProjectId>
      <CorrelationId>Intent.Application.MediatR.QueryInterface</CorrelationId>
      <OverwriteBehaviour>always</OverwriteBehaviour>
      <ApplicationRelativeFilePath>../../Services/AccessManagement/AccessManagement.Application/Common/Interfaces/IQuery.cs</ApplicationRelativeFilePath>
      <ProjectRelativeFilePath>IQuery.cs</ProjectRelativeFilePath>
      <IsIgnored>false</IsIgnored>
    </FileLog>
    <FileLog>
      <ProjectId>4926d84f-8985-4668-a141-be67c41243b7</ProjectId>
      <CorrelationId>Intent.Application.AutoMapper.MapFromInterface</CorrelationId>
      <OverwriteBehaviour>always</OverwriteBehaviour>
      <ApplicationRelativeFilePath>../../Services/AccessManagement/AccessManagement.Application/Common/Mappings/IMapFrom.cs</ApplicationRelativeFilePath>
      <ProjectRelativeFilePath>IMapFrom.cs</ProjectRelativeFilePath>
      <IsIgnored>false</IsIgnored>
    </FileLog>
    <FileLog>
      <ProjectId>4926d84f-8985-4668-a141-be67c41243b7</ProjectId>
      <CorrelationId>Intent.Application.AutoMapper.MappingProfile</CorrelationId>
      <OverwriteBehaviour>always</OverwriteBehaviour>
      <ApplicationRelativeFilePath>../../Services/AccessManagement/AccessManagement.Application/Common/Mappings/MappingProfile.cs</ApplicationRelativeFilePath>
      <ProjectRelativeFilePath>MappingProfile.cs</ProjectRelativeFilePath>
      <IsIgnored>false</IsIgnored>
    </FileLog>
    <FileLog>
      <ProjectId>6704d6e3-9179-47d2-8566-a97b8ca28381</ProjectId>
      <CorrelationId>Intent.MediatR.DomainEvents.DomainEventNotification</CorrelationId>
      <OverwriteBehaviour>always</OverwriteBehaviour>
      <ApplicationRelativeFilePath>../../Services/AccessManagement/AccessManagement.Application/Common/Models/DomainEventNotification.cs</ApplicationRelativeFilePath>
      <ProjectRelativeFilePath>DomainEventNotification.cs</ProjectRelativeFilePath>
      <IsIgnored>false</IsIgnored>
    </FileLog>
    <FileLog>
      <ProjectId>6704d6e3-9179-47d2-8566-a97b8ca28381</ProjectId>
      <CorrelationId>Intent.Application.Identity.ResultModel</CorrelationId>
      <OverwriteBehaviour>always</OverwriteBehaviour>
      <ApplicationRelativeFilePath>../../Services/AccessManagement/AccessManagement.Application/Common/Models/Result.cs</ApplicationRelativeFilePath>
      <ProjectRelativeFilePath>Result.cs</ProjectRelativeFilePath>
      <IsIgnored>false</IsIgnored>
    </FileLog>
    <FileLog>
      <ProjectId>0aeea20d-6168-4495-ab17-f2fbe3434faa</ProjectId>
      <CorrelationId>Intent.EntityFrameworkCore.PagedList</CorrelationId>
      <OverwriteBehaviour>always</OverwriteBehaviour>
      <ApplicationRelativeFilePath>../../Services/AccessManagement/AccessManagement.Application/Common/Pagination/PagedList.cs</ApplicationRelativeFilePath>
      <ProjectRelativeFilePath>PagedList.cs</ProjectRelativeFilePath>
      <IsIgnored>false</IsIgnored>
    </FileLog>
    <FileLog>
      <ProjectId>0aeea20d-6168-4495-ab17-f2fbe3434faa</ProjectId>
      <CorrelationId>Intent.Application.Dtos.Pagination.PagedResult</CorrelationId>
      <OverwriteBehaviour>always</OverwriteBehaviour>
      <ApplicationRelativeFilePath>../../Services/AccessManagement/AccessManagement.Application/Common/Pagination/PagedResult.cs</ApplicationRelativeFilePath>
      <ProjectRelativeFilePath>PagedResult.cs</ProjectRelativeFilePath>
      <IsIgnored>false</IsIgnored>
    </FileLog>
    <FileLog>
      <ProjectId>0aeea20d-6168-4495-ab17-f2fbe3434faa</ProjectId>
      <CorrelationId>Intent.Application.Dtos.Pagination.PagedResultMappingExtensions</CorrelationId>
      <OverwriteBehaviour>always</OverwriteBehaviour>
      <ApplicationRelativeFilePath>../../Services/AccessManagement/AccessManagement.Application/Common/Pagination/PagedResultMappingExtensions.cs</ApplicationRelativeFilePath>
      <ProjectRelativeFilePath>PagedResultMappingExtensions.cs</ProjectRelativeFilePath>
      <IsIgnored>false</IsIgnored>
    </FileLog>
    <FileLog>
      <ProjectId>98578e0e-3dc0-4525-b7b9-76c1a7b4fdde</ProjectId>
      <CorrelationId>Intent.Application.Identity.AuthorizeAttribute</CorrelationId>
      <OverwriteBehaviour>always</OverwriteBehaviour>
      <ApplicationRelativeFilePath>../../Services/AccessManagement/AccessManagement.Application/Common/Security/AuthorizeAttribute.cs</ApplicationRelativeFilePath>
      <ProjectRelativeFilePath>AuthorizeAttribute.cs</ProjectRelativeFilePath>
      <IsIgnored>false</IsIgnored>
    </FileLog>
    <FileLog>
      <ProjectId>5d6c8c3c-17e3-40ea-97cd-58e3f6ac2afb</ProjectId>
      <CorrelationId>Intent.Application.FluentValidation.Dtos.ValidatorProviderInterface</CorrelationId>
      <OverwriteBehaviour>always</OverwriteBehaviour>
      <ApplicationRelativeFilePath>../../Services/AccessManagement/AccessManagement.Application/Common/Validation/IValidatorProvider.cs</ApplicationRelativeFilePath>
      <ProjectRelativeFilePath>IValidatorProvider.cs</ProjectRelativeFilePath>
      <IsIgnored>false</IsIgnored>
    </FileLog>
    <FileLog>
      <ProjectId>5d6c8c3c-17e3-40ea-97cd-58e3f6ac2afb</ProjectId>
      <CorrelationId>Intent.Application.FluentValidation.Dtos.ValidatorProvider</CorrelationId>
      <OverwriteBehaviour>always</OverwriteBehaviour>
      <ApplicationRelativeFilePath>../../Services/AccessManagement/AccessManagement.Application/Common/Validation/ValidatorProvider.cs</ApplicationRelativeFilePath>
      <ProjectRelativeFilePath>ValidatorProvider.cs</ProjectRelativeFilePath>
      <IsIgnored>false</IsIgnored>
    </FileLog>
    <FileLog>
      <ProjectId>c21dbef6-1215-4601-a7a9-9f8de2c9277b</ProjectId>
      <CorrelationId>Intent.Application.DependencyInjection.DependencyInjection</CorrelationId>
      <OverwriteBehaviour>always</OverwriteBehaviour>
      <ApplicationRelativeFilePath>../../Services/AccessManagement/AccessManagement.Application/DependencyInjection.cs</ApplicationRelativeFilePath>
      <ProjectRelativeFilePath>DependencyInjection.cs</ProjectRelativeFilePath>
      <IsIgnored>false</IsIgnored>
    </FileLog>
    <FileLog>
      <ProjectId>c21dbef6-1215-4601-a7a9-9f8de2c9277b</ProjectId>
      <CorrelationId>Intent.Application.MediatR.CommandModels#00bdc7da-ff10-4e3f-8a8b-cedcb817a385</CorrelationId>
      <OverwriteBehaviour>always</OverwriteBehaviour>
      <ApplicationRelativeFilePath>../../Services/AccessManagement/AccessManagement.Application/Features/Permissions/CreatePermission/CreatePermissionCommand.cs</ApplicationRelativeFilePath>
      <ProjectRelativeFilePath>Features/Permissions/CreatePermission/CreatePermissionCommand.cs</ProjectRelativeFilePath>
      <IsIgnored>false</IsIgnored>
    </FileLog>
    <FileLog>
      <ProjectId>c21dbef6-1215-4601-a7a9-9f8de2c9277b</ProjectId>
      <CorrelationId>Intent.Application.MediatR.CommandHandler#00bdc7da-ff10-4e3f-8a8b-cedcb817a385</CorrelationId>
      <OverwriteBehaviour>always</OverwriteBehaviour>
      <ApplicationRelativeFilePath>../../Services/AccessManagement/AccessManagement.Application/Features/Permissions/CreatePermission/CreatePermissionCommandHandler.cs</ApplicationRelativeFilePath>
      <ProjectRelativeFilePath>Features/Permissions/CreatePermission/CreatePermissionCommandHandler.cs</ProjectRelativeFilePath>
      <IsIgnored>false</IsIgnored>
    </FileLog>
    <FileLog>
      <ProjectId>c21dbef6-1215-4601-a7a9-9f8de2c9277b</ProjectId>
      <CorrelationId>Intent.Application.MediatR.FluentValidation.CommandValidator#00bdc7da-ff10-4e3f-8a8b-cedcb817a385</CorrelationId>
      <OverwriteBehaviour>always</OverwriteBehaviour>
      <ApplicationRelativeFilePath>../../Services/AccessManagement/AccessManagement.Application/Features/Permissions/CreatePermission/CreatePermissionCommandValidator.cs</ApplicationRelativeFilePath>
      <ProjectRelativeFilePath>Features/Permissions/CreatePermission/CreatePermissionCommandValidator.cs</ProjectRelativeFilePath>
      <IsIgnored>false</IsIgnored>
    </FileLog>
    <FileLog>
      <ProjectId>c21dbef6-1215-4601-a7a9-9f8de2c9277b</ProjectId>
      <CorrelationId>Intent.Application.MediatR.CommandModels#9b8ae1e3-be58-47c9-b54c-9b2cfcd4967a</CorrelationId>
      <OverwriteBehaviour>always</OverwriteBehaviour>
      <ApplicationRelativeFilePath>../../Services/AccessManagement/AccessManagement.Application/Features/Permissions/DeletePermission/DeletePermissionCommand.cs</ApplicationRelativeFilePath>
      <ProjectRelativeFilePath>Features/Permissions/DeletePermission/DeletePermissionCommand.cs</ProjectRelativeFilePath>
      <IsIgnored>false</IsIgnored>
    </FileLog>
    <FileLog>
      <ProjectId>c21dbef6-1215-4601-a7a9-9f8de2c9277b</ProjectId>
      <CorrelationId>Intent.Application.MediatR.CommandHandler#9b8ae1e3-be58-47c9-b54c-9b2cfcd4967a</CorrelationId>
      <OverwriteBehaviour>always</OverwriteBehaviour>
      <ApplicationRelativeFilePath>../../Services/AccessManagement/AccessManagement.Application/Features/Permissions/DeletePermission/DeletePermissionCommandHandler.cs</ApplicationRelativeFilePath>
      <ProjectRelativeFilePath>Features/Permissions/DeletePermission/DeletePermissionCommandHandler.cs</ProjectRelativeFilePath>
      <IsIgnored>false</IsIgnored>
    </FileLog>
    <FileLog>
      <ProjectId>c21dbef6-1215-4601-a7a9-9f8de2c9277b</ProjectId>
      <CorrelationId>Intent.Application.MediatR.FluentValidation.CommandValidator#9b8ae1e3-be58-47c9-b54c-9b2cfcd4967a</CorrelationId>
      <OverwriteBehaviour>always</OverwriteBehaviour>
      <ApplicationRelativeFilePath>../../Services/AccessManagement/AccessManagement.Application/Features/Permissions/DeletePermission/DeletePermissionCommandValidator.cs</ApplicationRelativeFilePath>
      <ProjectRelativeFilePath>Features/Permissions/DeletePermission/DeletePermissionCommandValidator.cs</ProjectRelativeFilePath>
      <IsIgnored>false</IsIgnored>
    </FileLog>
    <FileLog>
      <ProjectId>c21dbef6-1215-4601-a7a9-9f8de2c9277b</ProjectId>
      <CorrelationId>Intent.Application.MediatR.QueryModels#ac90d642-b48d-4af5-9cd6-9d79b33a979c</CorrelationId>
      <OverwriteBehaviour>always</OverwriteBehaviour>
      <ApplicationRelativeFilePath>../../Services/AccessManagement/AccessManagement.Application/Features/Permissions/GetPermissionById/GetPermissionByIdQuery.cs</ApplicationRelativeFilePath>
      <ProjectRelativeFilePath>Features/Permissions/GetPermissionById/GetPermissionByIdQuery.cs</ProjectRelativeFilePath>
      <IsIgnored>false</IsIgnored>
    </FileLog>
    <FileLog>
      <ProjectId>c21dbef6-1215-4601-a7a9-9f8de2c9277b</ProjectId>
      <CorrelationId>Intent.Application.MediatR.QueryHandler#ac90d642-b48d-4af5-9cd6-9d79b33a979c</CorrelationId>
      <OverwriteBehaviour>always</OverwriteBehaviour>
      <ApplicationRelativeFilePath>../../Services/AccessManagement/AccessManagement.Application/Features/Permissions/GetPermissionById/GetPermissionByIdQueryHandler.cs</ApplicationRelativeFilePath>
      <ProjectRelativeFilePath>Features/Permissions/GetPermissionById/GetPermissionByIdQueryHandler.cs</ProjectRelativeFilePath>
      <IsIgnored>false</IsIgnored>
    </FileLog>
    <FileLog>
      <ProjectId>c21dbef6-1215-4601-a7a9-9f8de2c9277b</ProjectId>
      <CorrelationId>Intent.Application.MediatR.FluentValidation.QueryValidator#ac90d642-b48d-4af5-9cd6-9d79b33a979c</CorrelationId>
      <OverwriteBehaviour>always</OverwriteBehaviour>
      <ApplicationRelativeFilePath>../../Services/AccessManagement/AccessManagement.Application/Features/Permissions/GetPermissionById/GetPermissionByIdQueryValidator.cs</ApplicationRelativeFilePath>
      <ProjectRelativeFilePath>Features/Permissions/GetPermissionById/GetPermissionByIdQueryValidator.cs</ProjectRelativeFilePath>
      <IsIgnored>false</IsIgnored>
    </FileLog>
    <FileLog>
      <ProjectId>c21dbef6-1215-4601-a7a9-9f8de2c9277b</ProjectId>
      <CorrelationId>Intent.Application.MediatR.QueryModels#ca053d67-0cc9-4791-944d-39971773fe4b</CorrelationId>
      <OverwriteBehaviour>always</OverwriteBehaviour>
      <ApplicationRelativeFilePath>../../Services/AccessManagement/AccessManagement.Application/Features/Permissions/GetPermissions/GetPermissionsQuery.cs</ApplicationRelativeFilePath>
      <ProjectRelativeFilePath>Features/Permissions/GetPermissions/GetPermissionsQuery.cs</ProjectRelativeFilePath>
      <IsIgnored>false</IsIgnored>
    </FileLog>
    <FileLog>
      <ProjectId>c21dbef6-1215-4601-a7a9-9f8de2c9277b</ProjectId>
      <CorrelationId>Intent.Application.MediatR.QueryHandler#ca053d67-0cc9-4791-944d-39971773fe4b</CorrelationId>
      <OverwriteBehaviour>always</OverwriteBehaviour>
      <ApplicationRelativeFilePath>../../Services/AccessManagement/AccessManagement.Application/Features/Permissions/GetPermissions/GetPermissionsQueryHandler.cs</ApplicationRelativeFilePath>
      <ProjectRelativeFilePath>Features/Permissions/GetPermissions/GetPermissionsQueryHandler.cs</ProjectRelativeFilePath>
      <IsIgnored>false</IsIgnored>
    </FileLog>
    <FileLog>
      <ProjectId>c21dbef6-1215-4601-a7a9-9f8de2c9277b</ProjectId>
      <CorrelationId>Intent.Application.MediatR.FluentValidation.QueryValidator#ca053d67-0cc9-4791-944d-39971773fe4b</CorrelationId>
      <OverwriteBehaviour>always</OverwriteBehaviour>
      <ApplicationRelativeFilePath>../../Services/AccessManagement/AccessManagement.Application/Features/Permissions/GetPermissions/GetPermissionsQueryValidator.cs</ApplicationRelativeFilePath>
      <ProjectRelativeFilePath>Features/Permissions/GetPermissions/GetPermissionsQueryValidator.cs</ProjectRelativeFilePath>
      <IsIgnored>false</IsIgnored>
    </FileLog>
    <FileLog>
      <ProjectId>c21dbef6-1215-4601-a7a9-9f8de2c9277b</ProjectId>
      <CorrelationId>Intent.Application.Dtos.DtoModel#77e3b013-a2a3-43c1-919e-9f945bdc58c9</CorrelationId>
      <OverwriteBehaviour>always</OverwriteBehaviour>
      <ApplicationRelativeFilePath>../../Services/AccessManagement/AccessManagement.Application/Features/Permissions/PermissionDto.cs</ApplicationRelativeFilePath>
      <ProjectRelativeFilePath>Features/Permissions/PermissionDto.cs</ProjectRelativeFilePath>
      <IsIgnored>false</IsIgnored>
    </FileLog>
    <FileLog>
      <ProjectId>c21dbef6-1215-4601-a7a9-9f8de2c9277b</ProjectId>
      <CorrelationId>Intent.Application.Dtos.AutoMapper.MappingExtensions#77e3b013-a2a3-43c1-919e-9f945bdc58c9</CorrelationId>
      <OverwriteBehaviour>always</OverwriteBehaviour>
      <ApplicationRelativeFilePath>../../Services/AccessManagement/AccessManagement.Application/Features/Permissions/PermissionDtoMappingExtensions.cs</ApplicationRelativeFilePath>
      <ProjectRelativeFilePath>Features/Permissions/PermissionDtoMappingExtensions.cs</ProjectRelativeFilePath>
      <IsIgnored>false</IsIgnored>
    </FileLog>
    <FileLog>
      <ProjectId>c21dbef6-1215-4601-a7a9-9f8de2c9277b</ProjectId>
      <CorrelationId>Intent.Application.MediatR.CommandModels#a295c312-d4f3-4050-8b1a-c1274c94bcda</CorrelationId>
      <OverwriteBehaviour>always</OverwriteBehaviour>
      <ApplicationRelativeFilePath>../../Services/AccessManagement/AccessManagement.Application/Features/Permissions/UpdatePermission/UpdatePermissionCommand.cs</ApplicationRelativeFilePath>
      <ProjectRelativeFilePath>Features/Permissions/UpdatePermission/UpdatePermissionCommand.cs</ProjectRelativeFilePath>
      <IsIgnored>false</IsIgnored>
    </FileLog>
    <FileLog>
      <ProjectId>c21dbef6-1215-4601-a7a9-9f8de2c9277b</ProjectId>
      <CorrelationId>Intent.Application.MediatR.CommandHandler#a295c312-d4f3-4050-8b1a-c1274c94bcda</CorrelationId>
      <OverwriteBehaviour>always</OverwriteBehaviour>
      <ApplicationRelativeFilePath>../../Services/AccessManagement/AccessManagement.Application/Features/Permissions/UpdatePermission/UpdatePermissionCommandHandler.cs</ApplicationRelativeFilePath>
      <ProjectRelativeFilePath>Features/Permissions/UpdatePermission/UpdatePermissionCommandHandler.cs</ProjectRelativeFilePath>
      <IsIgnored>false</IsIgnored>
    </FileLog>
    <FileLog>
      <ProjectId>c21dbef6-1215-4601-a7a9-9f8de2c9277b</ProjectId>
      <CorrelationId>Intent.Application.MediatR.FluentValidation.CommandValidator#a295c312-d4f3-4050-8b1a-c1274c94bcda</CorrelationId>
      <OverwriteBehaviour>always</OverwriteBehaviour>
      <ApplicationRelativeFilePath>../../Services/AccessManagement/AccessManagement.Application/Features/Permissions/UpdatePermission/UpdatePermissionCommandValidator.cs</ApplicationRelativeFilePath>
      <ProjectRelativeFilePath>Features/Permissions/UpdatePermission/UpdatePermissionCommandValidator.cs</ProjectRelativeFilePath>
      <IsIgnored>false</IsIgnored>
    </FileLog>
    <FileLog>
      <ProjectId>c21dbef6-1215-4601-a7a9-9f8de2c9277b</ProjectId>
      <CorrelationId>Intent.Application.MediatR.CommandModels#658f3ef4-95fd-4010-b50b-d044378e6823</CorrelationId>
      <OverwriteBehaviour>always</OverwriteBehaviour>
      <ApplicationRelativeFilePath>../../Services/AccessManagement/AccessManagement.Application/Features/Roles/CreateRole/CreateRoleCommand.cs</ApplicationRelativeFilePath>
      <ProjectRelativeFilePath>Features/Roles/CreateRole/CreateRoleCommand.cs</ProjectRelativeFilePath>
      <IsIgnored>false</IsIgnored>
    </FileLog>
    <FileLog>
      <ProjectId>c21dbef6-1215-4601-a7a9-9f8de2c9277b</ProjectId>
      <CorrelationId>Intent.Application.MediatR.CommandHandler#658f3ef4-95fd-4010-b50b-d044378e6823</CorrelationId>
      <OverwriteBehaviour>always</OverwriteBehaviour>
      <ApplicationRelativeFilePath>../../Services/AccessManagement/AccessManagement.Application/Features/Roles/CreateRole/CreateRoleCommandHandler.cs</ApplicationRelativeFilePath>
      <ProjectRelativeFilePath>Features/Roles/CreateRole/CreateRoleCommandHandler.cs</ProjectRelativeFilePath>
      <IsIgnored>false</IsIgnored>
    </FileLog>
    <FileLog>
      <ProjectId>c21dbef6-1215-4601-a7a9-9f8de2c9277b</ProjectId>
      <CorrelationId>Intent.Application.MediatR.FluentValidation.CommandValidator#658f3ef4-95fd-4010-b50b-d044378e6823</CorrelationId>
      <OverwriteBehaviour>always</OverwriteBehaviour>
      <ApplicationRelativeFilePath>../../Services/AccessManagement/AccessManagement.Application/Features/Roles/CreateRole/CreateRoleCommandValidator.cs</ApplicationRelativeFilePath>
      <ProjectRelativeFilePath>Features/Roles/CreateRole/CreateRoleCommandValidator.cs</ProjectRelativeFilePath>
      <IsIgnored>false</IsIgnored>
    </FileLog>
    <FileLog>
      <ProjectId>c21dbef6-1215-4601-a7a9-9f8de2c9277b</ProjectId>
      <CorrelationId>Intent.Application.MediatR.CommandModels#1f14e801-c416-4a67-bdb5-5885d72a08dd</CorrelationId>
      <OverwriteBehaviour>always</OverwriteBehaviour>
      <ApplicationRelativeFilePath>../../Services/AccessManagement/AccessManagement.Application/Features/Roles/DeleteRole/DeleteRoleCommand.cs</ApplicationRelativeFilePath>
      <ProjectRelativeFilePath>Features/Roles/DeleteRole/DeleteRoleCommand.cs</ProjectRelativeFilePath>
      <IsIgnored>false</IsIgnored>
    </FileLog>
    <FileLog>
      <ProjectId>c21dbef6-1215-4601-a7a9-9f8de2c9277b</ProjectId>
      <CorrelationId>Intent.Application.MediatR.CommandHandler#1f14e801-c416-4a67-bdb5-5885d72a08dd</CorrelationId>
      <OverwriteBehaviour>always</OverwriteBehaviour>
      <ApplicationRelativeFilePath>../../Services/AccessManagement/AccessManagement.Application/Features/Roles/DeleteRole/DeleteRoleCommandHandler.cs</ApplicationRelativeFilePath>
      <ProjectRelativeFilePath>Features/Roles/DeleteRole/DeleteRoleCommandHandler.cs</ProjectRelativeFilePath>
      <IsIgnored>false</IsIgnored>
    </FileLog>
    <FileLog>
      <ProjectId>c21dbef6-1215-4601-a7a9-9f8de2c9277b</ProjectId>
      <CorrelationId>Intent.Application.MediatR.FluentValidation.CommandValidator#1f14e801-c416-4a67-bdb5-5885d72a08dd</CorrelationId>
      <OverwriteBehaviour>always</OverwriteBehaviour>
      <ApplicationRelativeFilePath>../../Services/AccessManagement/AccessManagement.Application/Features/Roles/DeleteRole/DeleteRoleCommandValidator.cs</ApplicationRelativeFilePath>
      <ProjectRelativeFilePath>Features/Roles/DeleteRole/DeleteRoleCommandValidator.cs</ProjectRelativeFilePath>
      <IsIgnored>false</IsIgnored>
    </FileLog>
    <FileLog>
      <ProjectId>c21dbef6-1215-4601-a7a9-9f8de2c9277b</ProjectId>
      <CorrelationId>Intent.Application.MediatR.QueryModels#fdd95eb8-4160-4ea0-afff-aa36c3a0c326</CorrelationId>
      <OverwriteBehaviour>always</OverwriteBehaviour>
      <ApplicationRelativeFilePath>../../Services/AccessManagement/AccessManagement.Application/Features/Roles/GetRoleById/GetRoleByIdQuery.cs</ApplicationRelativeFilePath>
      <ProjectRelativeFilePath>Features/Roles/GetRoleById/GetRoleByIdQuery.cs</ProjectRelativeFilePath>
      <IsIgnored>false</IsIgnored>
    </FileLog>
    <FileLog>
      <ProjectId>c21dbef6-1215-4601-a7a9-9f8de2c9277b</ProjectId>
      <CorrelationId>Intent.Application.MediatR.QueryHandler#fdd95eb8-4160-4ea0-afff-aa36c3a0c326</CorrelationId>
      <OverwriteBehaviour>always</OverwriteBehaviour>
      <ApplicationRelativeFilePath>../../Services/AccessManagement/AccessManagement.Application/Features/Roles/GetRoleById/GetRoleByIdQueryHandler.cs</ApplicationRelativeFilePath>
      <ProjectRelativeFilePath>Features/Roles/GetRoleById/GetRoleByIdQueryHandler.cs</ProjectRelativeFilePath>
      <IsIgnored>false</IsIgnored>
    </FileLog>
    <FileLog>
      <ProjectId>c21dbef6-1215-4601-a7a9-9f8de2c9277b</ProjectId>
      <CorrelationId>Intent.Application.MediatR.FluentValidation.QueryValidator#fdd95eb8-4160-4ea0-afff-aa36c3a0c326</CorrelationId>
      <OverwriteBehaviour>always</OverwriteBehaviour>
      <ApplicationRelativeFilePath>../../Services/AccessManagement/AccessManagement.Application/Features/Roles/GetRoleById/GetRoleByIdQueryValidator.cs</ApplicationRelativeFilePath>
      <ProjectRelativeFilePath>Features/Roles/GetRoleById/GetRoleByIdQueryValidator.cs</ProjectRelativeFilePath>
      <IsIgnored>false</IsIgnored>
    </FileLog>
    <FileLog>
      <ProjectId>c21dbef6-1215-4601-a7a9-9f8de2c9277b</ProjectId>
      <CorrelationId>Intent.Application.MediatR.QueryModels#de531e9b-4d8b-43fc-97c5-2ae79f298382</CorrelationId>
      <OverwriteBehaviour>always</OverwriteBehaviour>
      <ApplicationRelativeFilePath>../../Services/AccessManagement/AccessManagement.Application/Features/Roles/GetRoles/GetRolesQuery.cs</ApplicationRelativeFilePath>
      <ProjectRelativeFilePath>Features/Roles/GetRoles/GetRolesQuery.cs</ProjectRelativeFilePath>
      <IsIgnored>false</IsIgnored>
    </FileLog>
    <FileLog>
      <ProjectId>c21dbef6-1215-4601-a7a9-9f8de2c9277b</ProjectId>
      <CorrelationId>Intent.Application.MediatR.QueryHandler#de531e9b-4d8b-43fc-97c5-2ae79f298382</CorrelationId>
      <OverwriteBehaviour>always</OverwriteBehaviour>
      <ApplicationRelativeFilePath>../../Services/AccessManagement/AccessManagement.Application/Features/Roles/GetRoles/GetRolesQueryHandler.cs</ApplicationRelativeFilePath>
      <ProjectRelativeFilePath>Features/Roles/GetRoles/GetRolesQueryHandler.cs</ProjectRelativeFilePath>
      <IsIgnored>false</IsIgnored>
    </FileLog>
    <FileLog>
      <ProjectId>c21dbef6-1215-4601-a7a9-9f8de2c9277b</ProjectId>
      <CorrelationId>Intent.Application.MediatR.FluentValidation.QueryValidator#de531e9b-4d8b-43fc-97c5-2ae79f298382</CorrelationId>
      <OverwriteBehaviour>always</OverwriteBehaviour>
      <ApplicationRelativeFilePath>../../Services/AccessManagement/AccessManagement.Application/Features/Roles/GetRoles/GetRolesQueryValidator.cs</ApplicationRelativeFilePath>
      <ProjectRelativeFilePath>Features/Roles/GetRoles/GetRolesQueryValidator.cs</ProjectRelativeFilePath>
      <IsIgnored>false</IsIgnored>
    </FileLog>
    <FileLog>
      <ProjectId>c21dbef6-1215-4601-a7a9-9f8de2c9277b</ProjectId>
      <CorrelationId>Intent.Application.Dtos.DtoModel#80f2c0e9-0286-45f7-b97a-c200f5a0222e</CorrelationId>
      <OverwriteBehaviour>always</OverwriteBehaviour>
      <ApplicationRelativeFilePath>../../Services/AccessManagement/AccessManagement.Application/Features/Roles/RoleDto.cs</ApplicationRelativeFilePath>
      <ProjectRelativeFilePath>Features/Roles/RoleDto.cs</ProjectRelativeFilePath>
      <IsIgnored>false</IsIgnored>
    </FileLog>
    <FileLog>
      <ProjectId>c21dbef6-1215-4601-a7a9-9f8de2c9277b</ProjectId>
      <CorrelationId>Intent.Application.Dtos.AutoMapper.MappingExtensions#80f2c0e9-0286-45f7-b97a-c200f5a0222e</CorrelationId>
      <OverwriteBehaviour>always</OverwriteBehaviour>
      <ApplicationRelativeFilePath>../../Services/AccessManagement/AccessManagement.Application/Features/Roles/RoleDtoMappingExtensions.cs</ApplicationRelativeFilePath>
      <ProjectRelativeFilePath>Features/Roles/RoleDtoMappingExtensions.cs</ProjectRelativeFilePath>
      <IsIgnored>false</IsIgnored>
    </FileLog>
    <FileLog>
      <ProjectId>c21dbef6-1215-4601-a7a9-9f8de2c9277b</ProjectId>
      <CorrelationId>Intent.Application.MediatR.CommandModels#7b7391ba-2b2a-452b-9119-e7a2c3ff892d</CorrelationId>
      <OverwriteBehaviour>always</OverwriteBehaviour>
      <ApplicationRelativeFilePath>../../Services/AccessManagement/AccessManagement.Application/Features/Roles/UpdateRole/UpdateRoleCommand.cs</ApplicationRelativeFilePath>
      <ProjectRelativeFilePath>Features/Roles/UpdateRole/UpdateRoleCommand.cs</ProjectRelativeFilePath>
      <IsIgnored>false</IsIgnored>
    </FileLog>
    <FileLog>
      <ProjectId>c21dbef6-1215-4601-a7a9-9f8de2c9277b</ProjectId>
      <CorrelationId>Intent.Application.MediatR.CommandHandler#7b7391ba-2b2a-452b-9119-e7a2c3ff892d</CorrelationId>
      <OverwriteBehaviour>always</OverwriteBehaviour>
      <ApplicationRelativeFilePath>../../Services/AccessManagement/AccessManagement.Application/Features/Roles/UpdateRole/UpdateRoleCommandHandler.cs</ApplicationRelativeFilePath>
      <ProjectRelativeFilePath>Features/Roles/UpdateRole/UpdateRoleCommandHandler.cs</ProjectRelativeFilePath>
      <IsIgnored>false</IsIgnored>
    </FileLog>
    <FileLog>
      <ProjectId>c21dbef6-1215-4601-a7a9-9f8de2c9277b</ProjectId>
      <CorrelationId>Intent.Application.MediatR.FluentValidation.CommandValidator#7b7391ba-2b2a-452b-9119-e7a2c3ff892d</CorrelationId>
      <OverwriteBehaviour>always</OverwriteBehaviour>
      <ApplicationRelativeFilePath>../../Services/AccessManagement/AccessManagement.Application/Features/Roles/UpdateRole/UpdateRoleCommandValidator.cs</ApplicationRelativeFilePath>
      <ProjectRelativeFilePath>Features/Roles/UpdateRole/UpdateRoleCommandValidator.cs</ProjectRelativeFilePath>
      <IsIgnored>false</IsIgnored>
    </FileLog>
    <FileLog>
      <ProjectId>c21dbef6-1215-4601-a7a9-9f8de2c9277b</ProjectId>
      <CorrelationId>Intent.Application.MediatR.CommandModels#f485e81e-958c-4f0f-aac3-a488b30e9fc7</CorrelationId>
      <OverwriteBehaviour>always</OverwriteBehaviour>
      <ApplicationRelativeFilePath>../../Services/AccessManagement/AccessManagement.Application/Features/UserGroups/CreateUserGroups/CreateUserGroupsCommand.cs</ApplicationRelativeFilePath>
      <ProjectRelativeFilePath>Features/UserGroups/CreateUserGroups/CreateUserGroupsCommand.cs</ProjectRelativeFilePath>
      <IsIgnored>false</IsIgnored>
    </FileLog>
    <FileLog>
      <ProjectId>c21dbef6-1215-4601-a7a9-9f8de2c9277b</ProjectId>
      <CorrelationId>Intent.Application.MediatR.CommandHandler#f485e81e-958c-4f0f-aac3-a488b30e9fc7</CorrelationId>
      <OverwriteBehaviour>always</OverwriteBehaviour>
      <ApplicationRelativeFilePath>../../Services/AccessManagement/AccessManagement.Application/Features/UserGroups/CreateUserGroups/CreateUserGroupsCommandHandler.cs</ApplicationRelativeFilePath>
      <ProjectRelativeFilePath>Features/UserGroups/CreateUserGroups/CreateUserGroupsCommandHandler.cs</ProjectRelativeFilePath>
      <IsIgnored>false</IsIgnored>
    </FileLog>
    <FileLog>
      <ProjectId>c21dbef6-1215-4601-a7a9-9f8de2c9277b</ProjectId>
      <CorrelationId>Intent.Application.MediatR.FluentValidation.CommandValidator#f485e81e-958c-4f0f-aac3-a488b30e9fc7</CorrelationId>
      <OverwriteBehaviour>always</OverwriteBehaviour>
      <ApplicationRelativeFilePath>../../Services/AccessManagement/AccessManagement.Application/Features/UserGroups/CreateUserGroups/CreateUserGroupsCommandValidator.cs</ApplicationRelativeFilePath>
      <ProjectRelativeFilePath>Features/UserGroups/CreateUserGroups/CreateUserGroupsCommandValidator.cs</ProjectRelativeFilePath>
      <IsIgnored>false</IsIgnored>
    </FileLog>
    <FileLog>
      <ProjectId>c21dbef6-1215-4601-a7a9-9f8de2c9277b</ProjectId>
      <CorrelationId>Intent.Application.MediatR.CommandModels#95f7af11-0a77-4f01-8829-a31a0560211c</CorrelationId>
      <OverwriteBehaviour>always</OverwriteBehaviour>
      <ApplicationRelativeFilePath>../../Services/AccessManagement/AccessManagement.Application/Features/UserGroups/DeleteUserGroups/DeleteUserGroupsCommand.cs</ApplicationRelativeFilePath>
      <ProjectRelativeFilePath>Features/UserGroups/DeleteUserGroups/DeleteUserGroupsCommand.cs</ProjectRelativeFilePath>
      <IsIgnored>false</IsIgnored>
    </FileLog>
    <FileLog>
      <ProjectId>c21dbef6-1215-4601-a7a9-9f8de2c9277b</ProjectId>
      <CorrelationId>Intent.Application.MediatR.CommandHandler#95f7af11-0a77-4f01-8829-a31a0560211c</CorrelationId>
      <OverwriteBehaviour>always</OverwriteBehaviour>
      <ApplicationRelativeFilePath>../../Services/AccessManagement/AccessManagement.Application/Features/UserGroups/DeleteUserGroups/DeleteUserGroupsCommandHandler.cs</ApplicationRelativeFilePath>
      <ProjectRelativeFilePath>Features/UserGroups/DeleteUserGroups/DeleteUserGroupsCommandHandler.cs</ProjectRelativeFilePath>
      <IsIgnored>false</IsIgnored>
    </FileLog>
    <FileLog>
      <ProjectId>c21dbef6-1215-4601-a7a9-9f8de2c9277b</ProjectId>
      <CorrelationId>Intent.Application.MediatR.FluentValidation.CommandValidator#95f7af11-0a77-4f01-8829-a31a0560211c</CorrelationId>
      <OverwriteBehaviour>always</OverwriteBehaviour>
      <ApplicationRelativeFilePath>../../Services/AccessManagement/AccessManagement.Application/Features/UserGroups/DeleteUserGroups/DeleteUserGroupsCommandValidator.cs</ApplicationRelativeFilePath>
      <ProjectRelativeFilePath>Features/UserGroups/DeleteUserGroups/DeleteUserGroupsCommandValidator.cs</ProjectRelativeFilePath>
      <IsIgnored>false</IsIgnored>
    </FileLog>
    <FileLog>
      <ProjectId>c21dbef6-1215-4601-a7a9-9f8de2c9277b</ProjectId>
      <CorrelationId>Intent.Application.MediatR.QueryModels#4fdfec14-3871-448f-9e8a-304523398f08</CorrelationId>
      <OverwriteBehaviour>always</OverwriteBehaviour>
      <ApplicationRelativeFilePath>../../Services/AccessManagement/AccessManagement.Application/Features/UserGroups/GetUserGroups/GetUserGroupsQuery.cs</ApplicationRelativeFilePath>
      <ProjectRelativeFilePath>Features/UserGroups/GetUserGroups/GetUserGroupsQuery.cs</ProjectRelativeFilePath>
      <IsIgnored>false</IsIgnored>
    </FileLog>
    <FileLog>
      <ProjectId>c21dbef6-1215-4601-a7a9-9f8de2c9277b</ProjectId>
      <CorrelationId>Intent.Application.MediatR.QueryHandler#4fdfec14-3871-448f-9e8a-304523398f08</CorrelationId>
      <OverwriteBehaviour>always</OverwriteBehaviour>
      <ApplicationRelativeFilePath>../../Services/AccessManagement/AccessManagement.Application/Features/UserGroups/GetUserGroups/GetUserGroupsQueryHandler.cs</ApplicationRelativeFilePath>
      <ProjectRelativeFilePath>Features/UserGroups/GetUserGroups/GetUserGroupsQueryHandler.cs</ProjectRelativeFilePath>
      <IsIgnored>false</IsIgnored>
    </FileLog>
    <FileLog>
      <ProjectId>c21dbef6-1215-4601-a7a9-9f8de2c9277b</ProjectId>
      <CorrelationId>Intent.Application.MediatR.FluentValidation.QueryValidator#4fdfec14-3871-448f-9e8a-304523398f08</CorrelationId>
      <OverwriteBehaviour>always</OverwriteBehaviour>
      <ApplicationRelativeFilePath>../../Services/AccessManagement/AccessManagement.Application/Features/UserGroups/GetUserGroups/GetUserGroupsQueryValidator.cs</ApplicationRelativeFilePath>
      <ProjectRelativeFilePath>Features/UserGroups/GetUserGroups/GetUserGroupsQueryValidator.cs</ProjectRelativeFilePath>
      <IsIgnored>false</IsIgnored>
    </FileLog>
    <FileLog>
      <ProjectId>c21dbef6-1215-4601-a7a9-9f8de2c9277b</ProjectId>
      <CorrelationId>Intent.Application.MediatR.QueryModels#4ae186bd-c36e-42ba-919d-26dc66d6df76</CorrelationId>
      <OverwriteBehaviour>always</OverwriteBehaviour>
      <ApplicationRelativeFilePath>../../Services/AccessManagement/AccessManagement.Application/Features/UserGroups/GetUserGroupsById/GetUserGroupsByIdQuery.cs</ApplicationRelativeFilePath>
      <ProjectRelativeFilePath>Features/UserGroups/GetUserGroupsById/GetUserGroupsByIdQuery.cs</ProjectRelativeFilePath>
      <IsIgnored>false</IsIgnored>
    </FileLog>
    <FileLog>
      <ProjectId>c21dbef6-1215-4601-a7a9-9f8de2c9277b</ProjectId>
      <CorrelationId>Intent.Application.MediatR.QueryHandler#4ae186bd-c36e-42ba-919d-26dc66d6df76</CorrelationId>
      <OverwriteBehaviour>always</OverwriteBehaviour>
      <ApplicationRelativeFilePath>../../Services/AccessManagement/AccessManagement.Application/Features/UserGroups/GetUserGroupsById/GetUserGroupsByIdQueryHandler.cs</ApplicationRelativeFilePath>
      <ProjectRelativeFilePath>Features/UserGroups/GetUserGroupsById/GetUserGroupsByIdQueryHandler.cs</ProjectRelativeFilePath>
      <IsIgnored>false</IsIgnored>
    </FileLog>
    <FileLog>
      <ProjectId>c21dbef6-1215-4601-a7a9-9f8de2c9277b</ProjectId>
      <CorrelationId>Intent.Application.MediatR.FluentValidation.QueryValidator#4ae186bd-c36e-42ba-919d-26dc66d6df76</CorrelationId>
      <OverwriteBehaviour>always</OverwriteBehaviour>
      <ApplicationRelativeFilePath>../../Services/AccessManagement/AccessManagement.Application/Features/UserGroups/GetUserGroupsById/GetUserGroupsByIdQueryValidator.cs</ApplicationRelativeFilePath>
      <ProjectRelativeFilePath>Features/UserGroups/GetUserGroupsById/GetUserGroupsByIdQueryValidator.cs</ProjectRelativeFilePath>
      <IsIgnored>false</IsIgnored>
    </FileLog>
    <FileLog>
      <ProjectId>c21dbef6-1215-4601-a7a9-9f8de2c9277b</ProjectId>
      <CorrelationId>Intent.Application.MediatR.CommandModels#749b8c22-50df-4e84-9c81-27b1a115aa07</CorrelationId>
      <OverwriteBehaviour>always</OverwriteBehaviour>
      <ApplicationRelativeFilePath>../../Services/AccessManagement/AccessManagement.Application/Features/UserGroups/UpdateUserGroups/UpdateUserGroupsCommand.cs</ApplicationRelativeFilePath>
      <ProjectRelativeFilePath>Features/UserGroups/UpdateUserGroups/UpdateUserGroupsCommand.cs</ProjectRelativeFilePath>
      <IsIgnored>false</IsIgnored>
    </FileLog>
    <FileLog>
      <ProjectId>c21dbef6-1215-4601-a7a9-9f8de2c9277b</ProjectId>
      <CorrelationId>Intent.Application.MediatR.CommandHandler#749b8c22-50df-4e84-9c81-27b1a115aa07</CorrelationId>
      <OverwriteBehaviour>always</OverwriteBehaviour>
      <ApplicationRelativeFilePath>../../Services/AccessManagement/AccessManagement.Application/Features/UserGroups/UpdateUserGroups/UpdateUserGroupsCommandHandler.cs</ApplicationRelativeFilePath>
      <ProjectRelativeFilePath>Features/UserGroups/UpdateUserGroups/UpdateUserGroupsCommandHandler.cs</ProjectRelativeFilePath>
      <IsIgnored>false</IsIgnored>
    </FileLog>
    <FileLog>
      <ProjectId>c21dbef6-1215-4601-a7a9-9f8de2c9277b</ProjectId>
      <CorrelationId>Intent.Application.MediatR.FluentValidation.CommandValidator#749b8c22-50df-4e84-9c81-27b1a115aa07</CorrelationId>
      <OverwriteBehaviour>always</OverwriteBehaviour>
      <ApplicationRelativeFilePath>../../Services/AccessManagement/AccessManagement.Application/Features/UserGroups/UpdateUserGroups/UpdateUserGroupsCommandValidator.cs</ApplicationRelativeFilePath>
      <ProjectRelativeFilePath>Features/UserGroups/UpdateUserGroups/UpdateUserGroupsCommandValidator.cs</ProjectRelativeFilePath>
      <IsIgnored>false</IsIgnored>
    </FileLog>
    <FileLog>
      <ProjectId>c21dbef6-1215-4601-a7a9-9f8de2c9277b</ProjectId>
      <CorrelationId>Intent.Application.Dtos.DtoModel#a423344a-6c3b-4bcf-b2f2-aa970e02bece</CorrelationId>
      <OverwriteBehaviour>always</OverwriteBehaviour>
      <ApplicationRelativeFilePath>../../Services/AccessManagement/AccessManagement.Application/Features/UserGroups/UserGroupsDto.cs</ApplicationRelativeFilePath>
      <ProjectRelativeFilePath>Features/UserGroups/UserGroupsDto.cs</ProjectRelativeFilePath>
      <IsIgnored>false</IsIgnored>
    </FileLog>
    <FileLog>
      <ProjectId>c21dbef6-1215-4601-a7a9-9f8de2c9277b</ProjectId>
      <CorrelationId>Intent.Application.Dtos.AutoMapper.MappingExtensions#a423344a-6c3b-4bcf-b2f2-aa970e02bece</CorrelationId>
      <OverwriteBehaviour>always</OverwriteBehaviour>
      <ApplicationRelativeFilePath>../../Services/AccessManagement/AccessManagement.Application/Features/UserGroups/UserGroupsDtoMappingExtensions.cs</ApplicationRelativeFilePath>
      <ProjectRelativeFilePath>Features/UserGroups/UserGroupsDtoMappingExtensions.cs</ProjectRelativeFilePath>
      <IsIgnored>false</IsIgnored>
    </FileLog>
    <FileLog>
      <ProjectId>c21dbef6-1215-4601-a7a9-9f8de2c9277b</ProjectId>
      <CorrelationId>Intent.Application.MediatR.CommandModels#a88a8f6b-60f4-4c94-bc18-e690bde833f8</CorrelationId>
      <OverwriteBehaviour>always</OverwriteBehaviour>
      <ApplicationRelativeFilePath>../../Services/AccessManagement/AccessManagement.Application/Features/Users/CreateUser/CreateUserCommand.cs</ApplicationRelativeFilePath>
      <ProjectRelativeFilePath>Features/Users/CreateUser/CreateUserCommand.cs</ProjectRelativeFilePath>
      <IsIgnored>false</IsIgnored>
    </FileLog>
    <FileLog>
      <ProjectId>c21dbef6-1215-4601-a7a9-9f8de2c9277b</ProjectId>
      <CorrelationId>Intent.Application.MediatR.CommandHandler#a88a8f6b-60f4-4c94-bc18-e690bde833f8</CorrelationId>
      <OverwriteBehaviour>always</OverwriteBehaviour>
      <ApplicationRelativeFilePath>../../Services/AccessManagement/AccessManagement.Application/Features/Users/CreateUser/CreateUserCommandHandler.cs</ApplicationRelativeFilePath>
      <ProjectRelativeFilePath>Features/Users/CreateUser/CreateUserCommandHandler.cs</ProjectRelativeFilePath>
      <IsIgnored>false</IsIgnored>
    </FileLog>
    <FileLog>
      <ProjectId>c21dbef6-1215-4601-a7a9-9f8de2c9277b</ProjectId>
      <CorrelationId>Intent.Application.MediatR.FluentValidation.CommandValidator#a88a8f6b-60f4-4c94-bc18-e690bde833f8</CorrelationId>
      <OverwriteBehaviour>always</OverwriteBehaviour>
      <ApplicationRelativeFilePath>../../Services/AccessManagement/AccessManagement.Application/Features/Users/CreateUser/CreateUserCommandValidator.cs</ApplicationRelativeFilePath>
      <ProjectRelativeFilePath>Features/Users/CreateUser/CreateUserCommandValidator.cs</ProjectRelativeFilePath>
      <IsIgnored>false</IsIgnored>
    </FileLog>
    <FileLog>
      <ProjectId>c21dbef6-1215-4601-a7a9-9f8de2c9277b</ProjectId>
      <CorrelationId>Intent.Application.MediatR.CommandModels#4c147d65-9084-4e96-b6eb-52238eb14e11</CorrelationId>
      <OverwriteBehaviour>always</OverwriteBehaviour>
      <ApplicationRelativeFilePath>../../Services/AccessManagement/AccessManagement.Application/Features/Users/DeleteUser/DeleteUserCommand.cs</ApplicationRelativeFilePath>
      <ProjectRelativeFilePath>Features/Users/DeleteUser/DeleteUserCommand.cs</ProjectRelativeFilePath>
      <IsIgnored>false</IsIgnored>
    </FileLog>
    <FileLog>
      <ProjectId>c21dbef6-1215-4601-a7a9-9f8de2c9277b</ProjectId>
      <CorrelationId>Intent.Application.MediatR.CommandHandler#4c147d65-9084-4e96-b6eb-52238eb14e11</CorrelationId>
      <OverwriteBehaviour>always</OverwriteBehaviour>
      <ApplicationRelativeFilePath>../../Services/AccessManagement/AccessManagement.Application/Features/Users/DeleteUser/DeleteUserCommandHandler.cs</ApplicationRelativeFilePath>
      <ProjectRelativeFilePath>Features/Users/DeleteUser/DeleteUserCommandHandler.cs</ProjectRelativeFilePath>
      <IsIgnored>false</IsIgnored>
    </FileLog>
    <FileLog>
      <ProjectId>c21dbef6-1215-4601-a7a9-9f8de2c9277b</ProjectId>
      <CorrelationId>Intent.Application.MediatR.FluentValidation.CommandValidator#4c147d65-9084-4e96-b6eb-52238eb14e11</CorrelationId>
      <OverwriteBehaviour>always</OverwriteBehaviour>
      <ApplicationRelativeFilePath>../../Services/AccessManagement/AccessManagement.Application/Features/Users/DeleteUser/DeleteUserCommandValidator.cs</ApplicationRelativeFilePath>
      <ProjectRelativeFilePath>Features/Users/DeleteUser/DeleteUserCommandValidator.cs</ProjectRelativeFilePath>
      <IsIgnored>false</IsIgnored>
    </FileLog>
    <FileLog>
      <ProjectId>c21dbef6-1215-4601-a7a9-9f8de2c9277b</ProjectId>
      <CorrelationId>Intent.Application.MediatR.QueryModels#43b0e83b-83b5-420c-a333-513a1aed1b39</CorrelationId>
      <OverwriteBehaviour>always</OverwriteBehaviour>
      <ApplicationRelativeFilePath>../../Services/AccessManagement/AccessManagement.Application/Features/Users/GetUserById/GetUserByIdQuery.cs</ApplicationRelativeFilePath>
      <ProjectRelativeFilePath>Features/Users/GetUserById/GetUserByIdQuery.cs</ProjectRelativeFilePath>
      <IsIgnored>false</IsIgnored>
    </FileLog>
    <FileLog>
      <ProjectId>c21dbef6-1215-4601-a7a9-9f8de2c9277b</ProjectId>
      <CorrelationId>Intent.Application.MediatR.QueryHandler#43b0e83b-83b5-420c-a333-513a1aed1b39</CorrelationId>
      <OverwriteBehaviour>always</OverwriteBehaviour>
      <ApplicationRelativeFilePath>../../Services/AccessManagement/AccessManagement.Application/Features/Users/GetUserById/GetUserByIdQueryHandler.cs</ApplicationRelativeFilePath>
      <ProjectRelativeFilePath>Features/Users/GetUserById/GetUserByIdQueryHandler.cs</ProjectRelativeFilePath>
      <IsIgnored>false</IsIgnored>
    </FileLog>
    <FileLog>
      <ProjectId>c21dbef6-1215-4601-a7a9-9f8de2c9277b</ProjectId>
      <CorrelationId>Intent.Application.MediatR.FluentValidation.QueryValidator#43b0e83b-83b5-420c-a333-513a1aed1b39</CorrelationId>
      <OverwriteBehaviour>always</OverwriteBehaviour>
      <ApplicationRelativeFilePath>../../Services/AccessManagement/AccessManagement.Application/Features/Users/GetUserById/GetUserByIdQueryValidator.cs</ApplicationRelativeFilePath>
      <ProjectRelativeFilePath>Features/Users/GetUserById/GetUserByIdQueryValidator.cs</ProjectRelativeFilePath>
      <IsIgnored>false</IsIgnored>
    </FileLog>
    <FileLog>
      <ProjectId>c21dbef6-1215-4601-a7a9-9f8de2c9277b</ProjectId>
      <CorrelationId>Intent.Application.MediatR.QueryModels#26cc84e4-8dcc-4e7f-a632-7a61294e8bf6</CorrelationId>
      <OverwriteBehaviour>always</OverwriteBehaviour>
      <ApplicationRelativeFilePath>../../Services/AccessManagement/AccessManagement.Application/Features/Users/GetUsers/GetUsersQuery.cs</ApplicationRelativeFilePath>
      <ProjectRelativeFilePath>Features/Users/GetUsers/GetUsersQuery.cs</ProjectRelativeFilePath>
      <IsIgnored>false</IsIgnored>
    </FileLog>
    <FileLog>
      <ProjectId>c21dbef6-1215-4601-a7a9-9f8de2c9277b</ProjectId>
      <CorrelationId>Intent.Application.MediatR.QueryHandler#26cc84e4-8dcc-4e7f-a632-7a61294e8bf6</CorrelationId>
      <OverwriteBehaviour>always</OverwriteBehaviour>
      <ApplicationRelativeFilePath>../../Services/AccessManagement/AccessManagement.Application/Features/Users/GetUsers/GetUsersQueryHandler.cs</ApplicationRelativeFilePath>
      <ProjectRelativeFilePath>Features/Users/GetUsers/GetUsersQueryHandler.cs</ProjectRelativeFilePath>
      <IsIgnored>false</IsIgnored>
    </FileLog>
    <FileLog>
      <ProjectId>c21dbef6-1215-4601-a7a9-9f8de2c9277b</ProjectId>
      <CorrelationId>Intent.Application.MediatR.FluentValidation.QueryValidator#26cc84e4-8dcc-4e7f-a632-7a61294e8bf6</CorrelationId>
      <OverwriteBehaviour>always</OverwriteBehaviour>
      <ApplicationRelativeFilePath>../../Services/AccessManagement/AccessManagement.Application/Features/Users/GetUsers/GetUsersQueryValidator.cs</ApplicationRelativeFilePath>
      <ProjectRelativeFilePath>Features/Users/GetUsers/GetUsersQueryValidator.cs</ProjectRelativeFilePath>
      <IsIgnored>false</IsIgnored>
    </FileLog>
    <FileLog>
      <ProjectId>c21dbef6-1215-4601-a7a9-9f8de2c9277b</ProjectId>
      <CorrelationId>Intent.Application.MediatR.CommandModels#e5131468-d474-4a10-b50d-5b29b0b54d6e</CorrelationId>
      <OverwriteBehaviour>always</OverwriteBehaviour>
      <ApplicationRelativeFilePath>../../Services/AccessManagement/AccessManagement.Application/Features/Users/UpdateUser/UpdateUserCommand.cs</ApplicationRelativeFilePath>
      <ProjectRelativeFilePath>Features/Users/UpdateUser/UpdateUserCommand.cs</ProjectRelativeFilePath>
      <IsIgnored>false</IsIgnored>
    </FileLog>
    <FileLog>
      <ProjectId>c21dbef6-1215-4601-a7a9-9f8de2c9277b</ProjectId>
      <CorrelationId>Intent.Application.MediatR.CommandHandler#e5131468-d474-4a10-b50d-5b29b0b54d6e</CorrelationId>
      <OverwriteBehaviour>always</OverwriteBehaviour>
      <ApplicationRelativeFilePath>../../Services/AccessManagement/AccessManagement.Application/Features/Users/UpdateUser/UpdateUserCommandHandler.cs</ApplicationRelativeFilePath>
      <ProjectRelativeFilePath>Features/Users/UpdateUser/UpdateUserCommandHandler.cs</ProjectRelativeFilePath>
      <IsIgnored>false</IsIgnored>
    </FileLog>
    <FileLog>
      <ProjectId>c21dbef6-1215-4601-a7a9-9f8de2c9277b</ProjectId>
      <CorrelationId>Intent.Application.MediatR.FluentValidation.CommandValidator#e5131468-d474-4a10-b50d-5b29b0b54d6e</CorrelationId>
      <OverwriteBehaviour>always</OverwriteBehaviour>
      <ApplicationRelativeFilePath>../../Services/AccessManagement/AccessManagement.Application/Features/Users/UpdateUser/UpdateUserCommandValidator.cs</ApplicationRelativeFilePath>
      <ProjectRelativeFilePath>Features/Users/UpdateUser/UpdateUserCommandValidator.cs</ProjectRelativeFilePath>
      <IsIgnored>false</IsIgnored>
    </FileLog>
    <FileLog>
      <ProjectId>c21dbef6-1215-4601-a7a9-9f8de2c9277b</ProjectId>
      <CorrelationId>Intent.Application.Dtos.DtoModel#12c501bf-89be-4a75-9483-ea515ef2f7b2</CorrelationId>
      <OverwriteBehaviour>always</OverwriteBehaviour>
      <ApplicationRelativeFilePath>../../Services/AccessManagement/AccessManagement.Application/Features/Users/UserDto.cs</ApplicationRelativeFilePath>
      <ProjectRelativeFilePath>Features/Users/UserDto.cs</ProjectRelativeFilePath>
      <IsIgnored>false</IsIgnored>
    </FileLog>
    <FileLog>
      <ProjectId>c21dbef6-1215-4601-a7a9-9f8de2c9277b</ProjectId>
      <CorrelationId>Intent.Application.Dtos.AutoMapper.MappingExtensions#12c501bf-89be-4a75-9483-ea515ef2f7b2</CorrelationId>
      <OverwriteBehaviour>always</OverwriteBehaviour>
      <ApplicationRelativeFilePath>../../Services/AccessManagement/AccessManagement.Application/Features/Users/UserDtoMappingExtensions.cs</ApplicationRelativeFilePath>
      <ProjectRelativeFilePath>Features/Users/UserDtoMappingExtensions.cs</ProjectRelativeFilePath>
      <IsIgnored>false</IsIgnored>
    </FileLog>
    <FileLog>
      <ProjectId>be624800-60d0-4434-8f47-8068e0e930d1</ProjectId>
      <CorrelationId>Intent.VisualStudio.Projects.CSharpProject#be624800-60d0-4434-8f47-8068e0e930d1</CorrelationId>
      <OverwriteBehaviour>always</OverwriteBehaviour>
      <ApplicationRelativeFilePath>../../Services/AccessManagement/AccessManagement.Domain/AccessManagement.Domain.csproj</ApplicationRelativeFilePath>
      <ProjectRelativeFilePath>AccessManagement.Domain.csproj</ProjectRelativeFilePath>
      <IsIgnored>false</IsIgnored>
    </FileLog>
    <FileLog>
      <ProjectId>a727e5d5-74d3-46e6-9a6f-a422128e87ba</ProjectId>
      <CorrelationId>Intent.Entities.CollectionExtensions</CorrelationId>
      <OverwriteBehaviour>always</OverwriteBehaviour>
      <ApplicationRelativeFilePath>../../Services/AccessManagement/AccessManagement.Domain/Common/CollectionExtensions.cs</ApplicationRelativeFilePath>
      <ProjectRelativeFilePath>CollectionExtensions.cs</ProjectRelativeFilePath>
      <IsIgnored>false</IsIgnored>
    </FileLog>
    <FileLog>
      <ProjectId>a727e5d5-74d3-46e6-9a6f-a422128e87ba</ProjectId>
      <CorrelationId>Intent.DomainEvents.DomainEventBase</CorrelationId>
      <OverwriteBehaviour>always</OverwriteBehaviour>
      <ApplicationRelativeFilePath>../../Services/AccessManagement/AccessManagement.Domain/Common/DomainEvent.cs</ApplicationRelativeFilePath>
      <ProjectRelativeFilePath>DomainEvent.cs</ProjectRelativeFilePath>
      <IsIgnored>false</IsIgnored>
    </FileLog>
    <FileLog>
      <ProjectId>9f00f13e-a149-4cd1-9fcf-ef4696987df2</ProjectId>
      <CorrelationId>Intent.Entities.NotFoundException</CorrelationId>
      <OverwriteBehaviour>always</OverwriteBehaviour>
      <ApplicationRelativeFilePath>../../Services/AccessManagement/AccessManagement.Domain/Common/Exceptions/NotFoundException.cs</ApplicationRelativeFilePath>
      <ProjectRelativeFilePath>NotFoundException.cs</ProjectRelativeFilePath>
      <IsIgnored>false</IsIgnored>
    </FileLog>
    <FileLog>
      <ProjectId>a727e5d5-74d3-46e6-9a6f-a422128e87ba</ProjectId>
      <CorrelationId>Intent.DomainEvents.HasDomainEventInterface</CorrelationId>
      <OverwriteBehaviour>always</OverwriteBehaviour>
      <ApplicationRelativeFilePath>../../Services/AccessManagement/AccessManagement.Domain/Common/IHasDomainEvent.cs</ApplicationRelativeFilePath>
      <ProjectRelativeFilePath>IHasDomainEvent.cs</ProjectRelativeFilePath>
      <IsIgnored>false</IsIgnored>
    </FileLog>
    <FileLog>
      <ProjectId>680b536a-b3ef-49b1-a226-5167f70d8fb6</ProjectId>
      <CorrelationId>Intent.Entities.BasicAuditing.AuditableInterface</CorrelationId>
      <OverwriteBehaviour>always</OverwriteBehaviour>
      <ApplicationRelativeFilePath>../../Services/AccessManagement/AccessManagement.Domain/Common/Interfaces/IAuditable.cs</ApplicationRelativeFilePath>
      <ProjectRelativeFilePath>IAuditable.cs</ProjectRelativeFilePath>
      <IsIgnored>false</IsIgnored>
    </FileLog>
    <FileLog>
      <ProjectId>680b536a-b3ef-49b1-a226-5167f70d8fb6</ProjectId>
      <CorrelationId>Intent.Dapr.AspNetCore.StateManagement.DaprStateStoreUnitOfWorkInterface</CorrelationId>
      <OverwriteBehaviour>always</OverwriteBehaviour>
      <ApplicationRelativeFilePath>../../Services/AccessManagement/AccessManagement.Domain/Common/Interfaces/IDaprStateStoreUnitOfWork.cs</ApplicationRelativeFilePath>
      <ProjectRelativeFilePath>IDaprStateStoreUnitOfWork.cs</ProjectRelativeFilePath>
      <IsIgnored>false</IsIgnored>
    </FileLog>
    <FileLog>
      <ProjectId>680b536a-b3ef-49b1-a226-5167f70d8fb6</ProjectId>
      <CorrelationId>Intent.Entities.SoftDelete.SoftDeleteInterface</CorrelationId>
      <OverwriteBehaviour>always</OverwriteBehaviour>
      <ApplicationRelativeFilePath>../../Services/AccessManagement/AccessManagement.Domain/Common/Interfaces/ISoftDelete.cs</ApplicationRelativeFilePath>
      <ProjectRelativeFilePath>ISoftDelete.cs</ProjectRelativeFilePath>
      <IsIgnored>false</IsIgnored>
    </FileLog>
    <FileLog>
      <ProjectId>680b536a-b3ef-49b1-a226-5167f70d8fb6</ProjectId>
      <CorrelationId>Intent.Entities.Repositories.Api.UnitOfWorkInterface</CorrelationId>
      <OverwriteBehaviour>always</OverwriteBehaviour>
      <ApplicationRelativeFilePath>../../Services/AccessManagement/AccessManagement.Domain/Common/Interfaces/IUnitOfWork.cs</ApplicationRelativeFilePath>
      <ProjectRelativeFilePath>IUnitOfWork.cs</ProjectRelativeFilePath>
      <IsIgnored>false</IsIgnored>
    </FileLog>
    <FileLog>
      <ProjectId>a727e5d5-74d3-46e6-9a6f-a422128e87ba</ProjectId>
      <CorrelationId>Intent.Entities.UpdateHelper</CorrelationId>
      <OverwriteBehaviour>always</OverwriteBehaviour>
      <ApplicationRelativeFilePath>../../Services/AccessManagement/AccessManagement.Domain/Common/UpdateHelper.cs</ApplicationRelativeFilePath>
      <ProjectRelativeFilePath>UpdateHelper.cs</ProjectRelativeFilePath>
      <IsIgnored>false</IsIgnored>
    </FileLog>
    <FileLog>
      <ProjectId>c2af6b58-64f8-4989-b614-05543b0c4d98</ProjectId>
      <CorrelationId>Intent.Entities.DomainEntity#e047376c-43fd-43b7-93a5-b89b180f4381</CorrelationId>
      <OverwriteBehaviour>always</OverwriteBehaviour>
      <ApplicationRelativeFilePath>../../Services/AccessManagement/AccessManagement.Domain/Entities/Permission.cs</ApplicationRelativeFilePath>
      <ProjectRelativeFilePath>Permission.cs</ProjectRelativeFilePath>
      <IsIgnored>false</IsIgnored>
    </FileLog>
    <FileLog>
      <ProjectId>c2af6b58-64f8-4989-b614-05543b0c4d98</ProjectId>
      <CorrelationId>Intent.Entities.DomainEntity#72f42184-67fe-45b9-9173-c7cbe07ee8e5</CorrelationId>
      <OverwriteBehaviour>always</OverwriteBehaviour>
      <ApplicationRelativeFilePath>../../Services/AccessManagement/AccessManagement.Domain/Entities/Role.cs</ApplicationRelativeFilePath>
      <ProjectRelativeFilePath>Role.cs</ProjectRelativeFilePath>
      <IsIgnored>false</IsIgnored>
    </FileLog>
    <FileLog>
      <ProjectId>c2af6b58-64f8-4989-b614-05543b0c4d98</ProjectId>
      <CorrelationId>Intent.Entities.DomainEntity#e16806a3-b772-48fd-8c5b-5ef1a9f7ce34</CorrelationId>
      <OverwriteBehaviour>always</OverwriteBehaviour>
      <ApplicationRelativeFilePath>../../Services/AccessManagement/AccessManagement.Domain/Entities/User.cs</ApplicationRelativeFilePath>
      <ProjectRelativeFilePath>User.cs</ProjectRelativeFilePath>
      <IsIgnored>false</IsIgnored>
    </FileLog>
    <FileLog>
      <ProjectId>c2af6b58-64f8-4989-b614-05543b0c4d98</ProjectId>
      <CorrelationId>Intent.Entities.DomainEntity#a26af387-908f-4e20-b1ef-f33184e2309c</CorrelationId>
      <OverwriteBehaviour>always</OverwriteBehaviour>
      <ApplicationRelativeFilePath>../../Services/AccessManagement/AccessManagement.Domain/Entities/UserGroups.cs</ApplicationRelativeFilePath>
      <ProjectRelativeFilePath>UserGroups.cs</ProjectRelativeFilePath>
      <IsIgnored>false</IsIgnored>
    </FileLog>
    <FileLog>
      <ProjectId>be624800-60d0-4434-8f47-8068e0e930d1</ProjectId>
      <CorrelationId>Intent.Entities.DomainEnum#b87a2a61-edc7-406e-a0b6-d1d5206e57ae</CorrelationId>
      <OverwriteBehaviour>always</OverwriteBehaviour>
      <ApplicationRelativeFilePath>../../Services/AccessManagement/AccessManagement.Domain/Gender.cs</ApplicationRelativeFilePath>
      <ProjectRelativeFilePath>Gender.cs</ProjectRelativeFilePath>
      <IsIgnored>false</IsIgnored>
    </FileLog>
    <FileLog>
      <ProjectId>2b2f4344-4cae-4e0d-99b3-ef3b546dcfb2</ProjectId>
      <CorrelationId>Intent.Dapr.AspNetCore.StateManagement.DaprStateStoreGenericRepositoryInterface</CorrelationId>
      <OverwriteBehaviour>always</OverwriteBehaviour>
      <ApplicationRelativeFilePath>../../Services/AccessManagement/AccessManagement.Domain/Repositories/IDaprStateStoreGenericRepository.cs</ApplicationRelativeFilePath>
      <ProjectRelativeFilePath>IDaprStateStoreGenericRepository.cs</ProjectRelativeFilePath>
      <IsIgnored>false</IsIgnored>
    </FileLog>
    <FileLog>
      <ProjectId>2b2f4344-4cae-4e0d-99b3-ef3b546dcfb2</ProjectId>
      <CorrelationId>Intent.Dapr.AspNetCore.StateManagement.DaprStateStoreRepositoryInterface</CorrelationId>
      <OverwriteBehaviour>always</OverwriteBehaviour>
      <ApplicationRelativeFilePath>../../Services/AccessManagement/AccessManagement.Domain/Repositories/IDaprStateStoreRepository.cs</ApplicationRelativeFilePath>
      <ProjectRelativeFilePath>IDaprStateStoreRepository.cs</ProjectRelativeFilePath>
      <IsIgnored>false</IsIgnored>
    </FileLog>
    <FileLog>
      <ProjectId>2b2f4344-4cae-4e0d-99b3-ef3b546dcfb2</ProjectId>
      <CorrelationId>Intent.EntityFrameworkCore.Repositories.EFRepositoryInterface</CorrelationId>
      <OverwriteBehaviour>always</OverwriteBehaviour>
      <ApplicationRelativeFilePath>../../Services/AccessManagement/AccessManagement.Domain/Repositories/IEFRepository.cs</ApplicationRelativeFilePath>
      <ProjectRelativeFilePath>IEFRepository.cs</ProjectRelativeFilePath>
      <IsIgnored>false</IsIgnored>
    </FileLog>
    <FileLog>
      <ProjectId>2b2f4344-4cae-4e0d-99b3-ef3b546dcfb2</ProjectId>
      <CorrelationId>Intent.Entities.Repositories.Api.PagedListInterface</CorrelationId>
      <OverwriteBehaviour>always</OverwriteBehaviour>
      <ApplicationRelativeFilePath>../../Services/AccessManagement/AccessManagement.Domain/Repositories/IPagedList.cs</ApplicationRelativeFilePath>
      <ProjectRelativeFilePath>IPagedList.cs</ProjectRelativeFilePath>
      <IsIgnored>false</IsIgnored>
    </FileLog>
    <FileLog>
      <ProjectId>2b2f4344-4cae-4e0d-99b3-ef3b546dcfb2</ProjectId>
      <CorrelationId>Intent.Entities.Repositories.Api.EntityRepositoryInterface#e047376c-43fd-43b7-93a5-b89b180f4381</CorrelationId>
      <OverwriteBehaviour>always</OverwriteBehaviour>
      <ApplicationRelativeFilePath>../../Services/AccessManagement/AccessManagement.Domain/Repositories/IPermissionRepository.cs</ApplicationRelativeFilePath>
      <ProjectRelativeFilePath>IPermissionRepository.cs</ProjectRelativeFilePath>
      <IsIgnored>false</IsIgnored>
    </FileLog>
    <FileLog>
      <ProjectId>2b2f4344-4cae-4e0d-99b3-ef3b546dcfb2</ProjectId>
      <CorrelationId>Intent.Entities.Repositories.Api.RepositoryInterface</CorrelationId>
      <OverwriteBehaviour>always</OverwriteBehaviour>
      <ApplicationRelativeFilePath>../../Services/AccessManagement/AccessManagement.Domain/Repositories/IRepository.cs</ApplicationRelativeFilePath>
      <ProjectRelativeFilePath>IRepository.cs</ProjectRelativeFilePath>
      <IsIgnored>false</IsIgnored>
    </FileLog>
    <FileLog>
      <ProjectId>2b2f4344-4cae-4e0d-99b3-ef3b546dcfb2</ProjectId>
      <CorrelationId>Intent.Entities.Repositories.Api.EntityRepositoryInterface#72f42184-67fe-45b9-9173-c7cbe07ee8e5</CorrelationId>
      <OverwriteBehaviour>always</OverwriteBehaviour>
      <ApplicationRelativeFilePath>../../Services/AccessManagement/AccessManagement.Domain/Repositories/IRoleRepository.cs</ApplicationRelativeFilePath>
      <ProjectRelativeFilePath>IRoleRepository.cs</ProjectRelativeFilePath>
      <IsIgnored>false</IsIgnored>
    </FileLog>
    <FileLog>
      <ProjectId>2b2f4344-4cae-4e0d-99b3-ef3b546dcfb2</ProjectId>
      <CorrelationId>Intent.Entities.Repositories.Api.EntityRepositoryInterface#a26af387-908f-4e20-b1ef-f33184e2309c</CorrelationId>
      <OverwriteBehaviour>always</OverwriteBehaviour>
      <ApplicationRelativeFilePath>../../Services/AccessManagement/AccessManagement.Domain/Repositories/IUserGroupsRepository.cs</ApplicationRelativeFilePath>
      <ProjectRelativeFilePath>IUserGroupsRepository.cs</ProjectRelativeFilePath>
      <IsIgnored>false</IsIgnored>
    </FileLog>
    <FileLog>
      <ProjectId>2b2f4344-4cae-4e0d-99b3-ef3b546dcfb2</ProjectId>
      <CorrelationId>Intent.Entities.Repositories.Api.EntityRepositoryInterface#e16806a3-b772-48fd-8c5b-5ef1a9f7ce34</CorrelationId>
      <OverwriteBehaviour>always</OverwriteBehaviour>
      <ApplicationRelativeFilePath>../../Services/AccessManagement/AccessManagement.Domain/Repositories/IUserRepository.cs</ApplicationRelativeFilePath>
      <ProjectRelativeFilePath>IUserRepository.cs</ProjectRelativeFilePath>
      <IsIgnored>false</IsIgnored>
    </FileLog>
    <FileLog>
      <ProjectId>be624800-60d0-4434-8f47-8068e0e930d1</ProjectId>
      <CorrelationId>Intent.ValueObjects.ValueObjectBase</CorrelationId>
      <OverwriteBehaviour>always</OverwriteBehaviour>
      <ApplicationRelativeFilePath>../../Services/AccessManagement/AccessManagement.Domain/ValueObject.cs</ApplicationRelativeFilePath>
      <ProjectRelativeFilePath>ValueObject.cs</ProjectRelativeFilePath>
      <IsIgnored>false</IsIgnored>
    </FileLog>
    <FileLog>
      <ProjectId>d9f5e358-1dfc-4538-8cd1-e334fa85ffa1</ProjectId>
      <CorrelationId>Intent.VisualStudio.Projects.CSharpProject#d9f5e358-1dfc-4538-8cd1-e334fa85ffa1</CorrelationId>
      <OverwriteBehaviour>always</OverwriteBehaviour>
      <ApplicationRelativeFilePath>../../Services/AccessManagement/AccessManagement.Infrastructure/AccessManagement.Infrastructure.csproj</ApplicationRelativeFilePath>
      <ProjectRelativeFilePath>AccessManagement.Infrastructure.csproj</ProjectRelativeFilePath>
      <IsIgnored>false</IsIgnored>
    </FileLog>
    <FileLog>
      <ProjectId>228e5faa-ff75-4a98-9bb8-002c16e42fb2</ProjectId>
      <CorrelationId>Intent.Dapr.AspNetCore.ServiceInvocation.HttpClientConfigurationTemplate</CorrelationId>
      <OverwriteBehaviour>always</OverwriteBehaviour>
      <ApplicationRelativeFilePath>../../Services/AccessManagement/AccessManagement.Infrastructure/Configuration/HttpClientConfiguration.cs</ApplicationRelativeFilePath>
      <ProjectRelativeFilePath>HttpClientConfiguration.cs</ProjectRelativeFilePath>
      <IsIgnored>false</IsIgnored>
    </FileLog>
    <FileLog>
      <ProjectId>d9f5e358-1dfc-4538-8cd1-e334fa85ffa1</ProjectId>
      <CorrelationId>Intent.Infrastructure.DependencyInjection.DependencyInjection</CorrelationId>
      <OverwriteBehaviour>always</OverwriteBehaviour>
      <ApplicationRelativeFilePath>../../Services/AccessManagement/AccessManagement.Infrastructure/DependencyInjection.cs</ApplicationRelativeFilePath>
      <ProjectRelativeFilePath>DependencyInjection.cs</ProjectRelativeFilePath>
      <IsIgnored>false</IsIgnored>
    </FileLog>
    <FileLog>
      <ProjectId>59f4337f-3e46-44da-919b-fec956b26413</ProjectId>
      <CorrelationId>Intent.Dapr.AspNetCore.Pubsub.EventBusImplementation</CorrelationId>
      <OverwriteBehaviour>always</OverwriteBehaviour>
      <ApplicationRelativeFilePath>../../Services/AccessManagement/AccessManagement.Infrastructure/Eventing/EventBusImplementation.cs</ApplicationRelativeFilePath>
      <ProjectRelativeFilePath>EventBusImplementation.cs</ProjectRelativeFilePath>
      <IsIgnored>false</IsIgnored>
    </FileLog>
    <FileLog>
      <ProjectId>bd4b9745-6801-4b5c-921d-93a63c90f58f</ProjectId>
      <CorrelationId>Intent.Dapr.AspNetCore.ServiceInvocation.HttpClientDaprHandlerTemplate</CorrelationId>
      <OverwriteBehaviour>always</OverwriteBehaviour>
      <ApplicationRelativeFilePath>../../Services/AccessManagement/AccessManagement.Infrastructure/HttpClients/HttpClientDaprExtensions.cs</ApplicationRelativeFilePath>
      <ProjectRelativeFilePath>HttpClientDaprExtensions.cs</ProjectRelativeFilePath>
      <IsIgnored>false</IsIgnored>
    </FileLog>
    <FileLog>
      <ProjectId>bd4b9745-6801-4b5c-921d-93a63c90f58f</ProjectId>
      <CorrelationId>Intent.Dapr.AspNetCore.ServiceInvocation.HttpClientHeaderHandlerTemplate</CorrelationId>
      <OverwriteBehaviour>always</OverwriteBehaviour>
      <ApplicationRelativeFilePath>../../Services/AccessManagement/AccessManagement.Infrastructure/HttpClients/HttpClientHeaderHandler.cs</ApplicationRelativeFilePath>
      <ProjectRelativeFilePath>HttpClientHeaderHandler.cs</ProjectRelativeFilePath>
      <IsIgnored>false</IsIgnored>
    </FileLog>
    <FileLog>
      <ProjectId>e98b1bfa-223c-4b43-8da6-dfbb45782d69</ProjectId>
      <CorrelationId>Intent.EntityFrameworkCore.UtcDateTimeOffsetConverter</CorrelationId>
      <OverwriteBehaviour>always</OverwriteBehaviour>
      <ApplicationRelativeFilePath>../../Services/AccessManagement/AccessManagement.Infrastructure/Persistence/Configurations/Converters/UtcDateTimeOffsetConverter.cs</ApplicationRelativeFilePath>
      <ProjectRelativeFilePath>UtcDateTimeOffsetConverter.cs</ProjectRelativeFilePath>
      <IsIgnored>false</IsIgnored>
    </FileLog>
    <FileLog>
      <ProjectId>5d5ff381-1187-4db4-ab95-23a4da367f58</ProjectId>
      <CorrelationId>Intent.Dapr.AspNetCore.StateManagement.DaprStateStoreUnitOfWork</CorrelationId>
      <OverwriteBehaviour>always</OverwriteBehaviour>
      <ApplicationRelativeFilePath>../../Services/AccessManagement/AccessManagement.Infrastructure/Persistence/DaprStateStoreUnitOfWork.cs</ApplicationRelativeFilePath>
      <ProjectRelativeFilePath>DaprStateStoreUnitOfWork.cs</ProjectRelativeFilePath>
      <IsIgnored>false</IsIgnored>
    </FileLog>
    <FileLog>
      <ProjectId>fc975a18-cb4e-4828-9108-1a184b27d34c</ProjectId>
      <CorrelationId>Intent.Dapr.AspNetCore.StateManagement.DaprStateStoreGenericRepository</CorrelationId>
      <OverwriteBehaviour>always</OverwriteBehaviour>
      <ApplicationRelativeFilePath>../../Services/AccessManagement/AccessManagement.Infrastructure/Repositories/DaprStateStoreGenericRepository.cs</ApplicationRelativeFilePath>
      <ProjectRelativeFilePath>DaprStateStoreGenericRepository.cs</ProjectRelativeFilePath>
      <IsIgnored>false</IsIgnored>
    </FileLog>
    <FileLog>
      <ProjectId>fc975a18-cb4e-4828-9108-1a184b27d34c</ProjectId>
      <CorrelationId>Intent.Dapr.AspNetCore.StateManagement.DaprStateStoreRepositoryBase</CorrelationId>
      <OverwriteBehaviour>always</OverwriteBehaviour>
      <ApplicationRelativeFilePath>../../Services/AccessManagement/AccessManagement.Infrastructure/Repositories/DaprStateStoreRepositoryBase.cs</ApplicationRelativeFilePath>
      <ProjectRelativeFilePath>DaprStateStoreRepositoryBase.cs</ProjectRelativeFilePath>
      <IsIgnored>false</IsIgnored>
    </FileLog>
    <FileLog>
      <ProjectId>fc975a18-cb4e-4828-9108-1a184b27d34c</ProjectId>
      <CorrelationId>Intent.Dapr.AspNetCore.StateManagement.DaprStateStoreRepository#e047376c-43fd-43b7-93a5-b89b180f4381</CorrelationId>
      <OverwriteBehaviour>always</OverwriteBehaviour>
      <ApplicationRelativeFilePath>../../Services/AccessManagement/AccessManagement.Infrastructure/Repositories/PermissionDaprStateStoreRepository.cs</ApplicationRelativeFilePath>
      <ProjectRelativeFilePath>PermissionDaprStateStoreRepository.cs</ProjectRelativeFilePath>
      <IsIgnored>false</IsIgnored>
    </FileLog>
    <FileLog>
      <ProjectId>fc975a18-cb4e-4828-9108-1a184b27d34c</ProjectId>
      <CorrelationId>Intent.EntityFrameworkCore.Repositories.RepositoryBase</CorrelationId>
      <OverwriteBehaviour>always</OverwriteBehaviour>
      <ApplicationRelativeFilePath>../../Services/AccessManagement/AccessManagement.Infrastructure/Repositories/RepositoryBase.cs</ApplicationRelativeFilePath>
      <ProjectRelativeFilePath>RepositoryBase.cs</ProjectRelativeFilePath>
      <IsIgnored>false</IsIgnored>
    </FileLog>
    <FileLog>
      <ProjectId>fc975a18-cb4e-4828-9108-1a184b27d34c</ProjectId>
      <CorrelationId>Intent.Dapr.AspNetCore.StateManagement.DaprStateStoreRepository#72f42184-67fe-45b9-9173-c7cbe07ee8e5</CorrelationId>
      <OverwriteBehaviour>always</OverwriteBehaviour>
      <ApplicationRelativeFilePath>../../Services/AccessManagement/AccessManagement.Infrastructure/Repositories/RoleDaprStateStoreRepository.cs</ApplicationRelativeFilePath>
      <ProjectRelativeFilePath>RoleDaprStateStoreRepository.cs</ProjectRelativeFilePath>
      <IsIgnored>false</IsIgnored>
    </FileLog>
    <FileLog>
      <ProjectId>fc975a18-cb4e-4828-9108-1a184b27d34c</ProjectId>
      <CorrelationId>Intent.Dapr.AspNetCore.StateManagement.DaprStateStoreRepository#e16806a3-b772-48fd-8c5b-5ef1a9f7ce34</CorrelationId>
      <OverwriteBehaviour>always</OverwriteBehaviour>
      <ApplicationRelativeFilePath>../../Services/AccessManagement/AccessManagement.Infrastructure/Repositories/UserDaprStateStoreRepository.cs</ApplicationRelativeFilePath>
      <ProjectRelativeFilePath>UserDaprStateStoreRepository.cs</ProjectRelativeFilePath>
      <IsIgnored>false</IsIgnored>
    </FileLog>
    <FileLog>
      <ProjectId>fc975a18-cb4e-4828-9108-1a184b27d34c</ProjectId>
      <CorrelationId>Intent.Dapr.AspNetCore.StateManagement.DaprStateStoreRepository#a26af387-908f-4e20-b1ef-f33184e2309c</CorrelationId>
      <OverwriteBehaviour>always</OverwriteBehaviour>
      <ApplicationRelativeFilePath>../../Services/AccessManagement/AccessManagement.Infrastructure/Repositories/UserGroupsDaprStateStoreRepository.cs</ApplicationRelativeFilePath>
      <ProjectRelativeFilePath>UserGroupsDaprStateStoreRepository.cs</ProjectRelativeFilePath>
      <IsIgnored>false</IsIgnored>
    </FileLog>
    <FileLog>
      <ProjectId>feb65808-7f17-4b39-a0d9-47fd13bf8624</ProjectId>
      <CorrelationId>Intent.MediatR.DomainEvents.DomainEventService</CorrelationId>
      <OverwriteBehaviour>always</OverwriteBehaviour>
      <ApplicationRelativeFilePath>../../Services/AccessManagement/AccessManagement.Infrastructure/Services/DomainEventService.cs</ApplicationRelativeFilePath>
      <ProjectRelativeFilePath>DomainEventService.cs</ProjectRelativeFilePath>
      <IsIgnored>false</IsIgnored>
    </FileLog>
    <FileLog>
      <CorrelationId>Intent.VisualStudio.Projects.VisualStudioSolution#9cfd929e-b842-4704-9302-294b7c0eef51</CorrelationId>
      <OverwriteBehaviour>always</OverwriteBehaviour>
      <ApplicationRelativeFilePath>../../Services/AccessManagement/AccessManagement.sln</ApplicationRelativeFilePath>
      <IsIgnored>false</IsIgnored>
    </FileLog>
    <FileLog>
      <ProjectId>f1f91d14-040d-4e7d-88ec-0691dab89f5b</ProjectId>
      <CorrelationId>Intent.Modules.Dapr.AspNetCore.Templates.StaticContentTemplateRegistrations.DaprComponentFilesStaticContentTemplateRegistration#dapr/components/pubsub.yaml</CorrelationId>
      <OverwriteBehaviour>once-off</OverwriteBehaviour>
      <ApplicationRelativeFilePath>../../Services/AccessManagement/dapr/components/pubsub.yaml</ApplicationRelativeFilePath>
      <ProjectRelativeFilePath>dapr/components/pubsub.yaml</ProjectRelativeFilePath>
      <IsIgnored>false</IsIgnored>
    </FileLog>
    <FileLog>
      <ProjectId>f1f91d14-040d-4e7d-88ec-0691dab89f5b</ProjectId>
      <CorrelationId>Intent.Modules.Dapr.AspNetCore.Templates.StaticContentTemplateRegistrations.DaprComponentFilesStaticContentTemplateRegistration#dapr/components/statestore.yaml</CorrelationId>
      <OverwriteBehaviour>once-off</OverwriteBehaviour>
      <ApplicationRelativeFilePath>../../Services/AccessManagement/dapr/components/statestore.yaml</ApplicationRelativeFilePath>
      <ProjectRelativeFilePath>dapr/components/statestore.yaml</ProjectRelativeFilePath>
      <IsIgnored>false</IsIgnored>
    </FileLog>
    <FileLog>
      <ProjectId>e45bc719-4d2d-4206-ae78-87048cde2cf7</ProjectId>
      <CorrelationId>Intent.Modules.Dapr.AspNetCore.Templates.StaticContentTemplateRegistrations.DaprFilesStaticContentTemplateRegistration#dapr/config.yaml</CorrelationId>
      <OverwriteBehaviour>once-off</OverwriteBehaviour>
      <ApplicationRelativeFilePath>../../Services/AccessManagement/dapr/config.yaml</ApplicationRelativeFilePath>
      <ProjectRelativeFilePath>dapr/config.yaml</ProjectRelativeFilePath>
      <IsIgnored>false</IsIgnored>
    </FileLog>
  </FileLogs>
</outputLog>